-------------------------------------------------------------------------------
Test set: com.wisilica.wiseconnect.WiseconnectPasswordGrantTypeTest
-------------------------------------------------------------------------------
Tests run: 1, Failures: 0, Errors: 1, Skipped: 0, Time elapsed: 27.672 s <<< FAILURE! - in com.wisilica.wiseconnect.WiseconnectPasswordGrantTypeTest
passwordGrantTesting(com.wisilica.wiseconnect.WiseconnectPasswordGrantTypeTest)  Time elapsed: 3.191 s  <<< ERROR!
java.net.ConnectException: Connection refused (Connection refused)
	at com.wisilica.wiseconnect.WiseconnectPasswordGrantTypeTest.passwordGrantFlow(WiseconnectPasswordGrantTypeTest.java:69)
	at com.wisilica.wiseconnect.WiseconnectPasswordGrantTypeTest.passwordGrantTesting(WiseconnectPasswordGrantTypeTest.java:39)

