<?xml version="1.0" encoding="UTF-8"?>
<testsuite xmlns:xsi="http://www.w3.org/2001/XMLSchema-instance" xsi:noNamespaceSchemaLocation="https://maven.apache.org/surefire/maven-surefire-plugin/xsd/surefire-test-report.xsd" name="com.wisilica.wiseconnect.WiseconnectPasswordGrantTypeTest" time="27.672" tests="1" errors="1" skipped="0" failures="0">
  <properties>
[...]
</properties>
  <testcase name="passwordGrantTesting" classname="com.wisilica.wiseconnect.WiseconnectPasswordGrantTypeTest" time="3.191">
    <error message="Connection refused (Connection refused)" type="java.net.ConnectException">java.net.ConnectException: Connection refused (Connection refused)
	at com.wisilica.wiseconnect.WiseconnectPasswordGrantTypeTest.passwordGrantFlow(WiseconnectPasswordGrantTypeTest.java:69)
	at com.wisilica.wiseconnect.WiseconnectPasswordGrantTypeTest.passwordGrantTesting(WiseconnectPasswordGrantTypeTest.java:39)
</error>
    <system-out><![CDATA[25-04-2019 19:06:21.852 reqId=[] DEBUG   --- [           main] o.s.t.c.junit4.SpringJUnit4ClassRunner   : SpringJUnit4ClassRunner constructor called with [class com.wisilica.wiseconnect.WiseconnectPasswordGrantTypeTest]
25-04-2019 19:06:21.874 reqId=[] DEBUG   --- [           main] o.s.test.context.BootstrapUtils          : Instantiating CacheAwareContextLoaderDelegate from class [org.springframework.test.context.cache.DefaultCacheAwareContextLoaderDelegate]
25-04-2019 19:06:21.915 reqId=[] DEBUG   --- [           main] o.s.test.context.BootstrapUtils          : Instantiating BootstrapContext using constructor [public org.springframework.test.context.support.DefaultBootstrapContext(java.lang.Class,org.springframework.test.context.CacheAwareContextLoaderDelegate)]
25-04-2019 19:06:21.945 reqId=[] DEBUG   --- [           main] o.s.test.context.BootstrapUtils          : Instantiating TestContextBootstrapper for test class [com.wisilica.wiseconnect.WiseconnectPasswordGrantTypeTest] from class [org.springframework.boot.test.context.SpringBootTestContextBootstrapper]
25-04-2019 19:06:21.978 reqId=[]  INFO   --- [           main] .b.t.c.SpringBootTestContextBootstrapper : Neither @ContextConfiguration nor @ContextHierarchy found for test class [com.wisilica.wiseconnect.WiseconnectPasswordGrantTypeTest], using SpringBootContextLoader
25-04-2019 19:06:21.988 reqId=[] DEBUG   --- [           main] o.s.t.c.support.AbstractContextLoader    : Did not detect default resource location for test class [com.wisilica.wiseconnect.WiseconnectPasswordGrantTypeTest]: class path resource [com/wisilica/wiseconnect/WiseconnectPasswordGrantTypeTest-context.xml] does not exist
25-04-2019 19:06:21.989 reqId=[] DEBUG   --- [           main] o.s.t.c.support.AbstractContextLoader    : Did not detect default resource location for test class [com.wisilica.wiseconnect.WiseconnectPasswordGrantTypeTest]: class path resource [com/wisilica/wiseconnect/WiseconnectPasswordGrantTypeTestContext.groovy] does not exist
25-04-2019 19:06:21.989 reqId=[]  INFO   --- [           main] o.s.t.c.support.AbstractContextLoader    : Could not detect default resource locations for test class [com.wisilica.wiseconnect.WiseconnectPasswordGrantTypeTest]: no resource found for suffixes {-context.xml, Context.groovy}.
25-04-2019 19:06:21.991 reqId=[]  INFO   --- [           main] t.c.s.AnnotationConfigContextLoaderUtils : Could not detect default configuration classes for test class [com.wisilica.wiseconnect.WiseconnectPasswordGrantTypeTest]: WiseconnectPasswordGrantTypeTest does not declare any static, non-private, non-final, nested classes annotated with @Configuration.
25-04-2019 19:06:22.145 reqId=[] DEBUG   --- [           main] o.s.t.c.support.ActiveProfilesUtils      : Could not find an 'annotation declaring class' for annotation type [org.springframework.test.context.ActiveProfiles] and class [com.wisilica.wiseconnect.WiseconnectPasswordGrantTypeTest]
25-04-2019 19:06:22.333 reqId=[] DEBUG   --- [           main] ssPathScanningCandidateComponentProvider : Identified candidate component class: file [/home/wisilica/Downloads/WiseStandard-oauth2_branch-1/wiseconnectSuite/wiseconnect/target/classes/com/wisilica/wiseconnect/WiseconnectApplication.class]
25-04-2019 19:06:22.337 reqId=[]  INFO   --- [           main] .b.t.c.SpringBootTestContextBootstrapper : Found @SpringBootConfiguration com.wisilica.wiseconnect.WiseconnectApplication for test class com.wisilica.wiseconnect.WiseconnectPasswordGrantTypeTest
25-04-2019 19:06:22.542 reqId=[] DEBUG   --- [           main] .b.t.c.SpringBootTestContextBootstrapper : @TestExecutionListeners is not present for class [com.wisilica.wiseconnect.WiseconnectPasswordGrantTypeTest]: using defaults.
25-04-2019 19:06:22.543 reqId=[]  INFO   --- [           main] .b.t.c.SpringBootTestContextBootstrapper : Loaded default TestExecutionListener class names from location [META-INF/spring.factories]: [org.springframework.boot.test.mock.mockito.MockitoTestExecutionListener, org.springframework.boot.test.mock.mockito.ResetMocksTestExecutionListener, org.springframework.boot.test.autoconfigure.restdocs.RestDocsTestExecutionListener, org.springframework.boot.test.autoconfigure.web.client.MockRestServiceServerResetTestExecutionListener, org.springframework.boot.test.autoconfigure.web.servlet.MockMvcPrintOnlyOnFailureTestExecutionListener, org.springframework.boot.test.autoconfigure.web.servlet.WebDriverTestExecutionListener, org.springframework.test.context.web.ServletTestExecutionListener, org.springframework.test.context.support.DirtiesContextBeforeModesTestExecutionListener, org.springframework.test.context.support.DependencyInjectionTestExecutionListener, org.springframework.test.context.support.DirtiesContextTestExecutionListener, org.springframework.test.context.transaction.TransactionalTestExecutionListener, org.springframework.test.context.jdbc.SqlScriptsTestExecutionListener, org.springframework.security.test.context.support.WithSecurityContextTestExecutionListener, org.springframework.security.test.context.support.ReactorContextTestExecutionListener]
25-04-2019 19:06:22.598 reqId=[]  INFO   --- [           main] .b.t.c.SpringBootTestContextBootstrapper : Using TestExecutionListeners: [org.springframework.test.context.web.ServletTestExecutionListener@1e04fa0a, org.springframework.test.context.support.DirtiesContextBeforeModesTestExecutionListener@1af2d44a, org.springframework.boot.test.mock.mockito.MockitoTestExecutionListener@18d87d80, org.springframework.boot.test.autoconfigure.SpringBootDependencyInjectionTestExecutionListener@618425b5, org.springframework.test.context.support.DirtiesContextTestExecutionListener@58695725, org.springframework.test.context.transaction.TransactionalTestExecutionListener@543588e6, org.springframework.test.context.jdbc.SqlScriptsTestExecutionListener@f5acb9d, org.springframework.security.test.context.support.WithSecurityContextTestExecutionListener@4fb3ee4e, org.springframework.security.test.context.support.ReactorContextTestExecutionListener@5d7148e2, org.springframework.boot.test.mock.mockito.ResetMocksTestExecutionListener@25fb8912, org.springframework.boot.test.autoconfigure.restdocs.RestDocsTestExecutionListener@7c24b813, org.springframework.boot.test.autoconfigure.web.client.MockRestServiceServerResetTestExecutionListener@2c35e847, org.springframework.boot.test.autoconfigure.web.servlet.MockMvcPrintOnlyOnFailureTestExecutionListener@7bd4937b, org.springframework.boot.test.autoconfigure.web.servlet.WebDriverTestExecutionListener@21e360a]
25-04-2019 19:06:22.600 reqId=[] DEBUG   --- [           main] o.s.test.annotation.ProfileValueUtils    : Retrieved @ProfileValueSourceConfiguration [null] for test class [com.wisilica.wiseconnect.WiseconnectPasswordGrantTypeTest]
25-04-2019 19:06:22.601 reqId=[] DEBUG   --- [           main] o.s.test.annotation.ProfileValueUtils    : Retrieved ProfileValueSource type [class org.springframework.test.annotation.SystemProfileValueSource] for class [com.wisilica.wiseconnect.WiseconnectPasswordGrantTypeTest]
25-04-2019 19:06:22.602 reqId=[] DEBUG   --- [           main] o.s.test.annotation.ProfileValueUtils    : Retrieved @ProfileValueSourceConfiguration [null] for test class [com.wisilica.wiseconnect.WiseconnectPasswordGrantTypeTest]
25-04-2019 19:06:22.603 reqId=[] DEBUG   --- [           main] o.s.test.annotation.ProfileValueUtils    : Retrieved ProfileValueSource type [class org.springframework.test.annotation.SystemProfileValueSource] for class [com.wisilica.wiseconnect.WiseconnectPasswordGrantTypeTest]
25-04-2019 19:06:22.604 reqId=[] DEBUG   --- [           main] o.s.test.annotation.ProfileValueUtils    : Retrieved @ProfileValueSourceConfiguration [null] for test class [com.wisilica.wiseconnect.WiseconnectPasswordGrantTypeTest]
25-04-2019 19:06:22.604 reqId=[] DEBUG   --- [           main] o.s.test.annotation.ProfileValueUtils    : Retrieved ProfileValueSource type [class org.springframework.test.annotation.SystemProfileValueSource] for class [com.wisilica.wiseconnect.WiseconnectPasswordGrantTypeTest]
25-04-2019 19:06:22.610 reqId=[] DEBUG   --- [           main] tractDirtiesContextTestExecutionListener : Before test class: context [DefaultTestContext@f0da945 testClass = WiseconnectPasswordGrantTypeTest, testInstance = [null], testMethod = [null], testException = [null], mergedContextConfiguration = [WebMergedContextConfiguration@4803b726 testClass = WiseconnectPasswordGrantTypeTest, locations = '{}', classes = '{class com.wisilica.wiseconnect.WiseconnectApplication}', contextInitializerClasses = '[]', activeProfiles = '{}', propertySourceLocations = '{}', propertySourceProperties = '{org.springframework.boot.test.context.SpringBootTestContextBootstrapper=true}', contextCustomizers = set[org.springframework.boot.test.context.filter.ExcludeFilterContextCustomizer@124c278f, org.springframework.boot.test.json.DuplicateJsonObjectContextCustomizerFactory$DuplicateJsonObjectContextCustomizer@6ce139a4, org.springframework.boot.test.mock.mockito.MockitoContextCustomizer@0, org.springframework.boot.test.web.client.TestRestTemplateContextCustomizer@6193932a, org.springframework.boot.test.autoconfigure.properties.PropertyMappingContextCustomizer@0, org.springframework.boot.test.autoconfigure.web.servlet.WebDriverContextCustomizerFactory$Customizer@5ccddd20], resourceBasePath = 'src/main/webapp', contextLoader = 'org.springframework.boot.test.context.SpringBootContextLoader', parent = [null]], attributes = map['org.springframework.test.context.web.ServletTestExecutionListener.activateListener' -> true]], class annotated with @DirtiesContext [false] with mode [null].
25-04-2019 19:06:22.612 reqId=[] DEBUG   --- [           main] o.s.test.annotation.ProfileValueUtils    : Retrieved @ProfileValueSourceConfiguration [null] for test class [com.wisilica.wiseconnect.WiseconnectPasswordGrantTypeTest]
25-04-2019 19:06:22.612 reqId=[] DEBUG   --- [           main] o.s.test.annotation.ProfileValueUtils    : Retrieved ProfileValueSource type [class org.springframework.test.annotation.SystemProfileValueSource] for class [com.wisilica.wiseconnect.WiseconnectPasswordGrantTypeTest]
25-04-2019 19:06:22.692 reqId=[] DEBUG   --- [           main] o.s.t.c.support.TestPropertySourceUtils  : Adding inlined properties to environment: {spring.jmx.enabled=false, org.springframework.boot.test.context.SpringBootTestContextBootstrapper=true, server.port=-1}
25-04-2019 19:06:23.134 reqId=[] DEBUG 8570 --- [           main] .c.l.ClasspathLoggingApplicationListener : Application started with classpath: [file:/home/wisilica/Downloads/WiseStandard-oauth2_branch-1/wiseconnectSuite/wiseconnect/target/surefire/surefirebooter5074005096695107020.jar]


| |  | (_)  ___|    /  __ \                           | |  
| |  | |_\ `--.  ___| /  \/ ___  _ __  _ __   ___  ___| |_ 
| |/\| | |`--. \/ _ \ |    / _ \| '_ \| '_ \ / _ \/ __| __|
\  /\  / /\__/ /  __/ \__/\ (_) | | | | | | |  __/ (__| |_ 
 \/  \/|_\____/ \___|\____/\___/|_| |_|_| |_|\___|\___|\__|


25-04-2019 19:06:23.438 reqId=[]  INFO 8570 --- [           main] c.w.w.WiseconnectPasswordGrantTypeTest   : Starting WiseconnectPasswordGrantTypeTest on wisilica-Inspiron-3558 with PID 8570 (started by wisilica in /home/wisilica/Downloads/WiseStandard-oauth2_branch-1/wiseconnectSuite/wiseconnect)
25-04-2019 19:06:23.439 reqId=[] DEBUG 8570 --- [           main] c.w.w.WiseconnectPasswordGrantTypeTest   : Running with Spring Boot v2.1.1.RELEASE, Spring v5.1.3.RELEASE
25-04-2019 19:06:23.446 reqId=[]  INFO 8570 --- [           main] c.w.w.WiseconnectPasswordGrantTypeTest   : No active profile set, falling back to default profiles: default
25-04-2019 19:06:23.447 reqId=[] DEBUG 8570 --- [           main] o.s.boot.SpringApplication               : Loading source class com.wisilica.wiseconnect.WiseconnectApplication
25-04-2019 19:06:24.149 reqId=[] DEBUG 8570 --- [           main] o.s.b.c.c.ConfigFileApplicationListener  : Loaded config file 'file:/home/wisilica/Downloads/WiseStandard-oauth2_branch-1/wiseconnectSuite/wiseconnect/target/classes/application.properties' (classpath:/application.properties)
25-04-2019 19:06:24.150 reqId=[] DEBUG 8570 --- [           main] o.s.w.c.s.GenericWebApplicationContext   : Refreshing org.springframework.web.context.support.GenericWebApplicationContext@2438dcd
25-04-2019 19:06:24.214 reqId=[] DEBUG 8570 --- [           main] o.s.b.f.s.DefaultListableBeanFactory     : Creating shared instance of singleton bean 'org.springframework.context.annotation.internalConfigurationAnnotationProcessor'
25-04-2019 19:06:24.246 reqId=[] DEBUG 8570 --- [           main] o.s.b.f.s.DefaultListableBeanFactory     : Creating shared instance of singleton bean 'org.springframework.boot.autoconfigure.internalCachingMetadataReaderFactory'
25-04-2019 19:06:24.375 reqId=[] DEBUG 8570 --- [           main] o.s.c.a.ClassPathBeanDefinitionScanner   : Identified candidate component class: file [/home/wisilica/Downloads/WiseStandard-oauth2_branch-1/wiseconnectSuite/wiseconnect/target/classes/com/wisilica/wiseconnect/WiseconnectConfig.class]
25-04-2019 19:06:24.397 reqId=[] DEBUG 8570 --- [           main] o.s.c.a.ClassPathBeanDefinitionScanner   : Identified candidate component class: file [/home/wisilica/Downloads/WiseStandard-oauth2_branch-1/wiseconnectSuite/wiseconnect/target/classes/com/wisilica/wiseconnect/controller/RevokeTokenEndpoint.class]
25-04-2019 19:06:24.404 reqId=[] DEBUG 8570 --- [           main] o.s.c.a.ClassPathBeanDefinitionScanner   : Identified candidate component class: file [/home/wisilica/Downloads/WiseStandard-oauth2_branch-1/wiseconnectSuite/wiseconnect/target/classes/com/wisilica/wiseconnect/controller/WiseconnectControllerAdvice.class]
25-04-2019 19:06:24.428 reqId=[] DEBUG 8570 --- [           main] o.s.c.a.ClassPathBeanDefinitionScanner   : Identified candidate component class: file [/home/wisilica/Downloads/WiseStandard-oauth2_branch-1/wiseconnectSuite/wiseconnect/target/classes/com/wisilica/wiseconnect/controller/device/OperateController.class]
25-04-2019 19:06:24.429 reqId=[] DEBUG 8570 --- [           main] o.s.c.a.ClassPathBeanDefinitionScanner   : Identified candidate component class: file [/home/wisilica/Downloads/WiseStandard-oauth2_branch-1/wiseconnectSuite/wiseconnect/target/classes/com/wisilica/wiseconnect/interceptor/CommonInterceptor.class]
25-04-2019 19:06:24.430 reqId=[] DEBUG 8570 --- [           main] o.s.c.a.ClassPathBeanDefinitionScanner   : Identified candidate component class: file [/home/wisilica/Downloads/WiseStandard-oauth2_branch-1/wiseconnectSuite/wiseconnect/target/classes/com/wisilica/wiseconnect/interceptor/SecurityInterceptor.class]
25-04-2019 19:06:24.437 reqId=[] DEBUG 8570 --- [           main] o.s.c.a.ClassPathBeanDefinitionScanner   : Identified candidate component class: file [/home/wisilica/Downloads/WiseStandard-oauth2_branch-1/wiseconnectSuite/wiseconnect/target/classes/com/wisilica/wiseconnect/oauth2/WiseconnectAuthorizationServerConfiguration.class]
25-04-2019 19:06:24.446 reqId=[] DEBUG 8570 --- [           main] o.s.c.a.ClassPathBeanDefinitionScanner   : Identified candidate component class: file [/home/wisilica/Downloads/WiseStandard-oauth2_branch-1/wiseconnectSuite/wiseconnect/target/classes/com/wisilica/wiseconnect/oauth2/WiseconnectResourceServerConfiguration.class]
25-04-2019 19:06:24.459 reqId=[] DEBUG 8570 --- [           main] o.s.c.a.ClassPathBeanDefinitionScanner   : Identified candidate component class: file [/home/wisilica/Downloads/WiseStandard-oauth2_branch-1/wiseconnectSuite/wiseconnect/target/classes/com/wisilica/wiseconnect/oauth2/WiseconnectSecurityConfiguration.class]
25-04-2019 19:06:24.464 reqId=[] DEBUG 8570 --- [           main] o.s.c.a.ClassPathBeanDefinitionScanner   : Identified candidate component class: URL [jar:file:/home/wisilica/Downloads/WiseStandard-oauth2_branch-1/wiseconnectSuite/wiseconnectCore/target/wiseconnectCore-1.0-SNAPSHOT.jar!/com/wisilica/wiseconnect/core/service/impl/PacketServiceImpl.class]
25-04-2019 19:06:24.465 reqId=[] DEBUG 8570 --- [           main] o.s.c.a.ClassPathBeanDefinitionScanner   : Ignored because not a concrete top-level class: URL [jar:file:/home/wisilica/Downloads/WiseStandard-oauth2_branch-1/wiseconnectSuite/wiseconnectCore/target/wiseconnectCore-1.0-SNAPSHOT.jar!/com/wisilica/wiseconnect/core/service/DeviceOperateService.class]
25-04-2019 19:06:24.467 reqId=[] DEBUG 8570 --- [           main] o.s.c.a.ClassPathBeanDefinitionScanner   : Ignored because not a concrete top-level class: URL [jar:file:/home/wisilica/Downloads/WiseStandard-oauth2_branch-1/wiseconnectSuite/wiseconnectCore/target/wiseconnectCore-1.0-SNAPSHOT.jar!/com/wisilica/wiseconnect/core/service/PacketService.class]
25-04-2019 19:06:24.468 reqId=[] DEBUG 8570 --- [           main] o.s.c.a.ClassPathBeanDefinitionScanner   : Ignored because not a concrete top-level class: URL [jar:file:/home/wisilica/Downloads/WiseStandard-oauth2_branch-1/wiseconnectSuite/wiseconnectCore/target/wiseconnectCore-1.0-SNAPSHOT.jar!/com/wisilica/wiseconnect/core/service/AuthenticationService.class]
25-04-2019 19:06:24.470 reqId=[] DEBUG 8570 --- [           main] o.s.c.a.ClassPathBeanDefinitionScanner   : Ignored because not a concrete top-level class: URL [jar:file:/home/wisilica/Downloads/WiseStandard-oauth2_branch-1/wiseconnectSuite/wiseconnectCore/target/wiseconnectCore-1.0-SNAPSHOT.jar!/com/wisilica/wiseconnect/core/service/MessageService.class]
25-04-2019 19:06:24.471 reqId=[] DEBUG 8570 --- [           main] o.s.c.a.ClassPathBeanDefinitionScanner   : Ignored because not a concrete top-level class: URL [jar:file:/home/wisilica/Downloads/WiseStandard-oauth2_branch-1/wiseconnectSuite/wiseconnectCore/target/wiseconnectCore-1.0-SNAPSHOT.jar!/com/wisilica/wiseconnect/core/service/OperateService.class]
25-04-2019 19:06:24.481 reqId=[] DEBUG 8570 --- [           main] o.s.c.a.ClassPathBeanDefinitionScanner   : Identified candidate component class: URL [jar:file:/home/wisilica/Downloads/WiseStandard-oauth2_branch-1/wiseconnectSuite/wiseconnectCore/target/wiseconnectCore-1.0-SNAPSHOT.jar!/com/wisilica/wiseconnect/core/service/impl/OperateServiceImpl.class]
25-04-2019 19:06:24.487 reqId=[] DEBUG 8570 --- [           main] o.s.c.a.ClassPathBeanDefinitionScanner   : Identified candidate component class: URL [jar:file:/home/wisilica/Downloads/WiseStandard-oauth2_branch-1/wiseconnectSuite/wiseconnectCore/target/wiseconnectCore-1.0-SNAPSHOT.jar!/com/wisilica/wiseconnect/core/oauth2/WiseconnectAuthenticationProvider.class]
25-04-2019 19:06:24.494 reqId=[] DEBUG 8570 --- [           main] o.s.c.a.ClassPathBeanDefinitionScanner   : Identified candidate component class: URL [jar:file:/home/wisilica/Downloads/WiseStandard-oauth2_branch-1/wiseconnectSuite/wiseconnectCore/target/wiseconnectCore-1.0-SNAPSHOT.jar!/com/wisilica/wiseconnect/core/service/impl/AuthenticationServiceImpl.class]
25-04-2019 19:06:24.497 reqId=[] DEBUG 8570 --- [           main] o.s.c.a.ClassPathBeanDefinitionScanner   : Identified candidate component class: URL [jar:file:/home/wisilica/Downloads/WiseStandard-oauth2_branch-1/wiseconnectSuite/wiseconnectCore/target/wiseconnectCore-1.0-SNAPSHOT.jar!/com/wisilica/wiseconnect/core/oauth2/WiseconnectEncoders.class]
25-04-2019 19:06:24.499 reqId=[] DEBUG 8570 --- [           main] o.s.c.a.ClassPathBeanDefinitionScanner   : Identified candidate component class: URL [jar:file:/home/wisilica/Downloads/WiseStandard-oauth2_branch-1/wiseconnectSuite/wiseconnectCore/target/wiseconnectCore-1.0-SNAPSHOT.jar!/com/wisilica/wiseconnect/core/oauth2/WiseconnectUserDetailsServiceImpl.class]
25-04-2019 19:06:24.502 reqId=[] DEBUG 8570 --- [           main] o.s.c.a.ClassPathBeanDefinitionScanner   : Identified candidate component class: URL [jar:file:/home/wisilica/Downloads/WiseStandard-oauth2_branch-1/wiseconnectSuite/wiseconnectCore/target/wiseconnectCore-1.0-SNAPSHOT.jar!/com/wisilica/wiseconnect/core/service/impl/RedisServiceImpl.class]
25-04-2019 19:06:24.504 reqId=[] DEBUG 8570 --- [           main] o.s.c.a.ClassPathBeanDefinitionScanner   : Identified candidate component class: URL [jar:file:/home/wisilica/Downloads/WiseStandard-oauth2_branch-1/wiseconnectSuite/wiseconnectDao/target/wiseconnectDao-1.0-SNAPSHOT.jar!/com/wisilica/wiseconnect/dao/impl/OperateDaoImpl.class]
25-04-2019 19:06:24.505 reqId=[] DEBUG 8570 --- [           main] o.s.c.a.ClassPathBeanDefinitionScanner   : Ignored because not a concrete top-level class: URL [jar:file:/home/wisilica/Downloads/WiseStandard-oauth2_branch-1/wiseconnectSuite/wiseconnectDao/target/wiseconnectDao-1.0-SNAPSHOT.jar!/com/wisilica/wiseconnect/dao/repository/UserSubOrgPermissionsRepository.class]
25-04-2019 19:06:24.506 reqId=[] DEBUG 8570 --- [           main] o.s.c.a.ClassPathBeanDefinitionScanner   : Ignored because not a concrete top-level class: URL [jar:file:/home/wisilica/Downloads/WiseStandard-oauth2_branch-1/wiseconnectSuite/wiseconnectDao/target/wiseconnectDao-1.0-SNAPSHOT.jar!/com/wisilica/wiseconnect/dao/OperateDao.class]
25-04-2019 19:06:24.507 reqId=[] DEBUG 8570 --- [           main] o.s.c.a.ClassPathBeanDefinitionScanner   : Ignored because not a concrete top-level class: URL [jar:file:/home/wisilica/Downloads/WiseStandard-oauth2_branch-1/wiseconnectSuite/wiseconnectDao/target/wiseconnectDao-1.0-SNAPSHOT.jar!/com/wisilica/wiseconnect/dao/AuthenticationDao.class]
25-04-2019 19:06:24.509 reqId=[] DEBUG 8570 --- [           main] o.s.c.a.ClassPathBeanDefinitionScanner   : Identified candidate component class: URL [jar:file:/home/wisilica/Downloads/WiseStandard-oauth2_branch-1/wiseconnectSuite/wiseconnectDao/target/wiseconnectDao-1.0-SNAPSHOT.jar!/com/wisilica/wiseconnect/dao/impl/AuthenticationDaoImpl.class]
25-04-2019 19:06:24.511 reqId=[] DEBUG 8570 --- [           main] o.s.c.a.ClassPathBeanDefinitionScanner   : Ignored because not a concrete top-level class: URL [jar:file:/home/wisilica/Downloads/WiseStandard-oauth2_branch-1/wiseconnectSuite/wiseconnectDao/target/wiseconnectDao-1.0-SNAPSHOT.jar!/com/wisilica/wiseconnect/dao/repository/PhoneRepository.class]
25-04-2019 19:06:24.512 reqId=[] DEBUG 8570 --- [           main] o.s.c.a.ClassPathBeanDefinitionScanner   : Ignored because not a concrete top-level class: URL [jar:file:/home/wisilica/Downloads/WiseStandard-oauth2_branch-1/wiseconnectSuite/wiseconnectDao/target/wiseconnectDao-1.0-SNAPSHOT.jar!/com/wisilica/wiseconnect/dao/repository/TagRepository.class]
25-04-2019 19:06:24.519 reqId=[] DEBUG 8570 --- [           main] o.s.c.a.ClassPathBeanDefinitionScanner   : Ignored because not a concrete top-level class: URL [jar:file:/home/wisilica/Downloads/WiseStandard-oauth2_branch-1/wiseconnectSuite/wiseconnectDao/target/wiseconnectDao-1.0-SNAPSHOT.jar!/com/wisilica/wiseconnect/dao/repository/WideInfoRepository.class]
25-04-2019 19:06:24.520 reqId=[] DEBUG 8570 --- [           main] o.s.c.a.ClassPathBeanDefinitionScanner   : Ignored because not a concrete top-level class: URL [jar:file:/home/wisilica/Downloads/WiseStandard-oauth2_branch-1/wiseconnectSuite/wiseconnectDao/target/wiseconnectDao-1.0-SNAPSHOT.jar!/com/wisilica/wiseconnect/dao/repository/UserRoleRepository.class]
25-04-2019 19:06:24.521 reqId=[] DEBUG 8570 --- [           main] o.s.c.a.ClassPathBeanDefinitionScanner   : Ignored because not a concrete top-level class: URL [jar:file:/home/wisilica/Downloads/WiseStandard-oauth2_branch-1/wiseconnectSuite/wiseconnectDao/target/wiseconnectDao-1.0-SNAPSHOT.jar!/com/wisilica/wiseconnect/dao/repository/SocketAuthenticationRepository.class]
25-04-2019 19:06:24.523 reqId=[] DEBUG 8570 --- [           main] o.s.c.a.ClassPathBeanDefinitionScanner   : Ignored because not a concrete top-level class: URL [jar:file:/home/wisilica/Downloads/WiseStandard-oauth2_branch-1/wiseconnectSuite/wiseconnectDao/target/wiseconnectDao-1.0-SNAPSHOT.jar!/com/wisilica/wiseconnect/dao/repository/UserRepository.class]
25-04-2019 19:06:24.525 reqId=[] DEBUG 8570 --- [           main] o.s.c.a.ClassPathBeanDefinitionScanner   : Ignored because not a concrete top-level class: URL [jar:file:/home/wisilica/Downloads/WiseStandard-oauth2_branch-1/wiseconnectSuite/wiseconnectDao/target/wiseconnectDao-1.0-SNAPSHOT.jar!/com/wisilica/wiseconnect/dao/repository/BundleClientMappingRepository.class]
25-04-2019 19:06:24.526 reqId=[] DEBUG 8570 --- [           main] o.s.c.a.ClassPathBeanDefinitionScanner   : Ignored because not a concrete top-level class: URL [jar:file:/home/wisilica/Downloads/WiseStandard-oauth2_branch-1/wiseconnectSuite/wiseconnectDao/target/wiseconnectDao-1.0-SNAPSHOT.jar!/com/wisilica/wiseconnect/dao/repository/AppInfoRepository.class]
25-04-2019 19:06:24.528 reqId=[] DEBUG 8570 --- [           main] o.s.c.a.ClassPathBeanDefinitionScanner   : Ignored because not a concrete top-level class: URL [jar:file:/home/wisilica/Downloads/WiseStandard-oauth2_branch-1/wiseconnectSuite/wiseconnectDao/target/wiseconnectDao-1.0-SNAPSHOT.jar!/com/wisilica/wiseconnect/dao/repository/RolesRepository.class]
25-04-2019 19:06:24.529 reqId=[] DEBUG 8570 --- [           main] o.s.c.a.ClassPathBeanDefinitionScanner   : Ignored because not a concrete top-level class: URL [jar:file:/home/wisilica/Downloads/WiseStandard-oauth2_branch-1/wiseconnectSuite/wiseconnectDao/target/wiseconnectDao-1.0-SNAPSHOT.jar!/com/wisilica/wiseconnect/dao/repository/BundleRepository.class]
25-04-2019 19:06:24.530 reqId=[] DEBUG 8570 --- [           main] o.s.c.a.ClassPathBeanDefinitionScanner   : Ignored because not a concrete top-level class: URL [jar:file:/home/wisilica/Downloads/WiseStandard-oauth2_branch-1/wiseconnectSuite/wiseconnectDao/target/wiseconnectDao-1.0-SNAPSHOT.jar!/com/wisilica/wiseconnect/dao/repository/OrganizationRepository.class]
25-04-2019 19:06:24.531 reqId=[] DEBUG 8570 --- [           main] o.s.c.a.ClassPathBeanDefinitionScanner   : Ignored because not a concrete top-level class: URL [jar:file:/home/wisilica/Downloads/WiseStandard-oauth2_branch-1/wiseconnectSuite/wiseconnectDao/target/wiseconnectDao-1.0-SNAPSHOT.jar!/com/wisilica/wiseconnect/dao/repository/NotificationRepository.class]
25-04-2019 19:06:24.533 reqId=[] DEBUG 8570 --- [           main] o.s.c.a.ClassPathBeanDefinitionScanner   : Ignored because not a concrete top-level class: URL [jar:file:/home/wisilica/Downloads/WiseStandard-oauth2_branch-1/wiseconnectSuite/wiseconnectDao/target/wiseconnectDao-1.0-SNAPSHOT.jar!/com/wisilica/wiseconnect/dao/repository/BridgeListenerInfoRepository.class]
25-04-2019 19:06:24.536 reqId=[] DEBUG 8570 --- [           main] o.s.c.a.ClassPathBeanDefinitionScanner   : Identified candidate component class: URL [jar:file:/home/wisilica/Downloads/WiseStandard-oauth2_branch-1/wiseconnectSuite/wiseconnectDao/target/wiseconnectDao-1.0-SNAPSHOT.jar!/com/wisilica/wiseconnect/dao/repository/impl/AppInfoInsertRepository.class]
25-04-2019 19:06:24.537 reqId=[] DEBUG 8570 --- [           main] o.s.c.a.ClassPathBeanDefinitionScanner   : Ignored because not a concrete top-level class: URL [jar:file:/home/wisilica/Downloads/WiseStandard-oauth2_branch-1/wiseconnectSuite/wiseconnectDao/target/wiseconnectDao-1.0-SNAPSHOT.jar!/com/wisilica/wiseconnect/dao/repository/UserLoginInfoRepository.class]
25-04-2019 19:06:24.550 reqId=[] DEBUG 8570 --- [           main] o.s.c.a.ClassPathBeanDefinitionScanner   : Identified candidate component class: URL [jar:file:/home/wisilica/Downloads/WiseStandard-oauth2_branch-1/wiseconnectSuite/wiseconnectCommons/target/wiseconnectCommons-1.0-SNAPSHOT.jar!/com/wisilica/wiseconnect/commons/aop/ExecutionContextSetter.class]
25-04-2019 19:06:24.558 reqId=[] DEBUG 8570 --- [           main] o.s.c.a.ClassPathBeanDefinitionScanner   : Identified candidate component class: URL [jar:file:/home/wisilica/Downloads/WiseStandard-oauth2_branch-1/wiseconnectSuite/wiseconnectCommons/target/wiseconnectCommons-1.0-SNAPSHOT.jar!/com/wisilica/wiseconnect/commons/config/db/DatabaseConfig.class]
25-04-2019 19:06:24.561 reqId=[] DEBUG 8570 --- [           main] o.s.c.a.ClassPathBeanDefinitionScanner   : Identified candidate component class: URL [jar:file:/home/wisilica/Downloads/WiseStandard-oauth2_branch-1/wiseconnectSuite/wiseconnectCommons/target/wiseconnectCommons-1.0-SNAPSHOT.jar!/com/wisilica/wiseconnect/commons/WiseconnectContextProvider.class]
25-04-2019 19:06:25.970 reqId=[] DEBUG 8570 --- [           main] o.s.c.e.PropertySourcesPropertyResolver  : Found key 'spring.jmx.enabled' in PropertySource 'configurationProperties' with value of type String
25-04-2019 19:06:26.302 reqId=[] DEBUG 8570 --- [           main] o.s.c.e.PropertySourcesPropertyResolver  : Found key 'spring.jmx.enabled' in PropertySource 'configurationProperties' with value of type String
25-04-2019 19:06:26.630 reqId=[] DEBUG 8570 --- [           main] o.s.c.e.PropertySourcesPropertyResolver  : Found key 'server.port' in PropertySource 'configurationProperties' with value of type String
25-04-2019 19:06:26.633 reqId=[] DEBUG 8570 --- [           main] o.s.c.e.PropertySourcesPropertyResolver  : Found key 'server.port' in PropertySource 'configurationProperties' with value of type String
25-04-2019 19:06:26.706 reqId=[]  INFO 8570 --- [           main] .s.d.r.c.RepositoryConfigurationDelegate : Multiple Spring Data modules found, entering strict repository configuration mode!
25-04-2019 19:06:26.706 reqId=[]  INFO 8570 --- [           main] .s.d.r.c.RepositoryConfigurationDelegate : Bootstrapping Spring Data repositories in DEFAULT mode.
25-04-2019 19:06:26.722 reqId=[] DEBUG 8570 --- [           main] .s.d.r.c.RepositoryConfigurationDelegate : Scanning for repositories in packages com.wisilica.wiseconnect.
25-04-2019 19:06:26.789 reqId=[] DEBUG 8570 --- [           main] o.s.d.r.c.RepositoryComponentProvider    : Identified candidate component class: URL [jar:file:/home/wisilica/Downloads/WiseStandard-oauth2_branch-1/wiseconnectSuite/wiseconnectDao/target/wiseconnectDao-1.0-SNAPSHOT.jar!/com/wisilica/wiseconnect/dao/repository/UserSubOrgPermissionsRepository.class]
25-04-2019 19:06:26.792 reqId=[] DEBUG 8570 --- [           main] o.s.d.r.c.RepositoryComponentProvider    : Identified candidate component class: URL [jar:file:/home/wisilica/Downloads/WiseStandard-oauth2_branch-1/wiseconnectSuite/wiseconnectDao/target/wiseconnectDao-1.0-SNAPSHOT.jar!/com/wisilica/wiseconnect/dao/repository/PhoneRepository.class]
25-04-2019 19:06:26.793 reqId=[] DEBUG 8570 --- [           main] o.s.d.r.c.RepositoryComponentProvider    : Identified candidate component class: URL [jar:file:/home/wisilica/Downloads/WiseStandard-oauth2_branch-1/wiseconnectSuite/wiseconnectDao/target/wiseconnectDao-1.0-SNAPSHOT.jar!/com/wisilica/wiseconnect/dao/repository/TagRepository.class]
25-04-2019 19:06:26.793 reqId=[] DEBUG 8570 --- [           main] o.s.d.r.c.RepositoryComponentProvider    : Identified candidate component class: URL [jar:file:/home/wisilica/Downloads/WiseStandard-oauth2_branch-1/wiseconnectSuite/wiseconnectDao/target/wiseconnectDao-1.0-SNAPSHOT.jar!/com/wisilica/wiseconnect/dao/repository/WideInfoRepository.class]
25-04-2019 19:06:26.794 reqId=[] DEBUG 8570 --- [           main] o.s.d.r.c.RepositoryComponentProvider    : Identified candidate component class: URL [jar:file:/home/wisilica/Downloads/WiseStandard-oauth2_branch-1/wiseconnectSuite/wiseconnectDao/target/wiseconnectDao-1.0-SNAPSHOT.jar!/com/wisilica/wiseconnect/dao/repository/UserRoleRepository.class]
25-04-2019 19:06:26.794 reqId=[] DEBUG 8570 --- [           main] o.s.d.r.c.RepositoryComponentProvider    : Identified candidate component class: URL [jar:file:/home/wisilica/Downloads/WiseStandard-oauth2_branch-1/wiseconnectSuite/wiseconnectDao/target/wiseconnectDao-1.0-SNAPSHOT.jar!/com/wisilica/wiseconnect/dao/repository/SocketAuthenticationRepository.class]
25-04-2019 19:06:26.795 reqId=[] DEBUG 8570 --- [           main] o.s.d.r.c.RepositoryComponentProvider    : Identified candidate component class: URL [jar:file:/home/wisilica/Downloads/WiseStandard-oauth2_branch-1/wiseconnectSuite/wiseconnectDao/target/wiseconnectDao-1.0-SNAPSHOT.jar!/com/wisilica/wiseconnect/dao/repository/UserRepository.class]
25-04-2019 19:06:26.795 reqId=[] DEBUG 8570 --- [           main] o.s.d.r.c.RepositoryComponentProvider    : Identified candidate component class: URL [jar:file:/home/wisilica/Downloads/WiseStandard-oauth2_branch-1/wiseconnectSuite/wiseconnectDao/target/wiseconnectDao-1.0-SNAPSHOT.jar!/com/wisilica/wiseconnect/dao/repository/BundleClientMappingRepository.class]
25-04-2019 19:06:26.796 reqId=[] DEBUG 8570 --- [           main] o.s.d.r.c.RepositoryComponentProvider    : Identified candidate component class: URL [jar:file:/home/wisilica/Downloads/WiseStandard-oauth2_branch-1/wiseconnectSuite/wiseconnectDao/target/wiseconnectDao-1.0-SNAPSHOT.jar!/com/wisilica/wiseconnect/dao/repository/AppInfoRepository.class]
25-04-2019 19:06:26.796 reqId=[] DEBUG 8570 --- [           main] o.s.d.r.c.RepositoryComponentProvider    : Identified candidate component class: URL [jar:file:/home/wisilica/Downloads/WiseStandard-oauth2_branch-1/wiseconnectSuite/wiseconnectDao/target/wiseconnectDao-1.0-SNAPSHOT.jar!/com/wisilica/wiseconnect/dao/repository/RolesRepository.class]
25-04-2019 19:06:26.796 reqId=[] DEBUG 8570 --- [           main] o.s.d.r.c.RepositoryComponentProvider    : Identified candidate component class: URL [jar:file:/home/wisilica/Downloads/WiseStandard-oauth2_branch-1/wiseconnectSuite/wiseconnectDao/target/wiseconnectDao-1.0-SNAPSHOT.jar!/com/wisilica/wiseconnect/dao/repository/BundleRepository.class]
25-04-2019 19:06:26.797 reqId=[] DEBUG 8570 --- [           main] o.s.d.r.c.RepositoryComponentProvider    : Identified candidate component class: URL [jar:file:/home/wisilica/Downloads/WiseStandard-oauth2_branch-1/wiseconnectSuite/wiseconnectDao/target/wiseconnectDao-1.0-SNAPSHOT.jar!/com/wisilica/wiseconnect/dao/repository/OrganizationRepository.class]
25-04-2019 19:06:26.797 reqId=[] DEBUG 8570 --- [           main] o.s.d.r.c.RepositoryComponentProvider    : Identified candidate component class: URL [jar:file:/home/wisilica/Downloads/WiseStandard-oauth2_branch-1/wiseconnectSuite/wiseconnectDao/target/wiseconnectDao-1.0-SNAPSHOT.jar!/com/wisilica/wiseconnect/dao/repository/NotificationRepository.class]
25-04-2019 19:06:26.798 reqId=[] DEBUG 8570 --- [           main] o.s.d.r.c.RepositoryComponentProvider    : Identified candidate component class: URL [jar:file:/home/wisilica/Downloads/WiseStandard-oauth2_branch-1/wiseconnectSuite/wiseconnectDao/target/wiseconnectDao-1.0-SNAPSHOT.jar!/com/wisilica/wiseconnect/dao/repository/BridgeListenerInfoRepository.class]
25-04-2019 19:06:26.799 reqId=[] DEBUG 8570 --- [           main] o.s.d.r.c.RepositoryComponentProvider    : Identified candidate component class: URL [jar:file:/home/wisilica/Downloads/WiseStandard-oauth2_branch-1/wiseconnectSuite/wiseconnectDao/target/wiseconnectDao-1.0-SNAPSHOT.jar!/com/wisilica/wiseconnect/dao/repository/UserLoginInfoRepository.class]
25-04-2019 19:06:27.047 reqId=[] DEBUG 8570 --- [           main] ssPathScanningCandidateComponentProvider : Identified candidate component class: URL [jar:file:/home/wisilica/Downloads/WiseStandard-oauth2_branch-1/wiseconnectSuite/wiseconnectCore/target/wiseconnectCore-1.0-SNAPSHOT.jar!/com/wisilica/wiseconnect/core/service/impl/PacketServiceImpl.class]
25-04-2019 19:06:27.047 reqId=[] DEBUG 8570 --- [           main] ssPathScanningCandidateComponentProvider : Identified candidate component class: URL [jar:file:/home/wisilica/Downloads/WiseStandard-oauth2_branch-1/wiseconnectSuite/wiseconnectCore/target/wiseconnectCore-1.0-SNAPSHOT.jar!/com/wisilica/wiseconnect/core/service/impl/OperateServiceImpl.class]
25-04-2019 19:06:27.048 reqId=[] DEBUG 8570 --- [           main] ssPathScanningCandidateComponentProvider : Identified candidate component class: URL [jar:file:/home/wisilica/Downloads/WiseStandard-oauth2_branch-1/wiseconnectSuite/wiseconnectCore/target/wiseconnectCore-1.0-SNAPSHOT.jar!/com/wisilica/wiseconnect/core/service/impl/AuthenticationServiceImpl.class]
25-04-2019 19:06:27.048 reqId=[] DEBUG 8570 --- [           main] ssPathScanningCandidateComponentProvider : Identified candidate component class: URL [jar:file:/home/wisilica/Downloads/WiseStandard-oauth2_branch-1/wiseconnectSuite/wiseconnectCore/target/wiseconnectCore-1.0-SNAPSHOT.jar!/com/wisilica/wiseconnect/core/oauth2/WiseconnectUserDetailsServiceImpl.class]
25-04-2019 19:06:27.049 reqId=[] DEBUG 8570 --- [           main] ssPathScanningCandidateComponentProvider : Identified candidate component class: URL [jar:file:/home/wisilica/Downloads/WiseStandard-oauth2_branch-1/wiseconnectSuite/wiseconnectCore/target/wiseconnectCore-1.0-SNAPSHOT.jar!/com/wisilica/wiseconnect/core/service/impl/RedisServiceImpl.class]
25-04-2019 19:06:27.049 reqId=[] DEBUG 8570 --- [           main] ssPathScanningCandidateComponentProvider : Identified candidate component class: URL [jar:file:/home/wisilica/Downloads/WiseStandard-oauth2_branch-1/wiseconnectSuite/wiseconnectDao/target/wiseconnectDao-1.0-SNAPSHOT.jar!/com/wisilica/wiseconnect/dao/impl/OperateDaoImpl.class]
25-04-2019 19:06:27.049 reqId=[] DEBUG 8570 --- [           main] ssPathScanningCandidateComponentProvider : Identified candidate component class: URL [jar:file:/home/wisilica/Downloads/WiseStandard-oauth2_branch-1/wiseconnectSuite/wiseconnectDao/target/wiseconnectDao-1.0-SNAPSHOT.jar!/com/wisilica/wiseconnect/dao/impl/AuthenticationDaoImpl.class]
25-04-2019 19:06:27.116 reqId=[]  INFO 8570 --- [           main] .s.d.r.c.RepositoryConfigurationDelegate : Finished Spring Data repository scanning in 393ms. Found 15 repository interfaces.
25-04-2019 19:06:27.161 reqId=[] DEBUG 8570 --- [           main] o.s.b.f.s.DefaultListableBeanFactory     : Creating shared instance of singleton bean 'org.springframework.boot.autoconfigure.condition.BeanTypeRegistry'
25-04-2019 19:06:27.930 reqId=[]  INFO 8570 --- [           main] .s.d.r.c.RepositoryConfigurationDelegate : Multiple Spring Data modules found, entering strict repository configuration mode!
25-04-2019 19:06:27.932 reqId=[]  INFO 8570 --- [           main] .s.d.r.c.RepositoryConfigurationDelegate : Bootstrapping Spring Data repositories in DEFAULT mode.
25-04-2019 19:06:27.944 reqId=[] DEBUG 8570 --- [           main] o.s.b.f.s.DefaultListableBeanFactory     : Creating shared instance of singleton bean 'org.springframework.boot.autoconfigure.AutoConfigurationPackages'
25-04-2019 19:06:27.952 reqId=[] DEBUG 8570 --- [           main] o.s.b.a.AutoConfigurationPackages        : @EnableAutoConfiguration was declared on a class in the package 'com.wisilica.wiseconnect'. Automatic @Repository and @Entity scanning is enabled.
25-04-2019 19:06:27.953 reqId=[] DEBUG 8570 --- [           main] .s.d.r.c.RepositoryConfigurationDelegate : Scanning for repositories in packages com.wisilica.wiseconnect.
25-04-2019 19:06:27.964 reqId=[] DEBUG 8570 --- [           main] o.s.d.r.c.RepositoryComponentProvider    : Identified candidate component class: URL [jar:file:/home/wisilica/Downloads/WiseStandard-oauth2_branch-1/wiseconnectSuite/wiseconnectDao/target/wiseconnectDao-1.0-SNAPSHOT.jar!/com/wisilica/wiseconnect/dao/repository/UserSubOrgPermissionsRepository.class]
25-04-2019 19:06:27.965 reqId=[] DEBUG 8570 --- [           main] o.s.d.r.c.RepositoryComponentProvider    : Identified candidate component class: URL [jar:file:/home/wisilica/Downloads/WiseStandard-oauth2_branch-1/wiseconnectSuite/wiseconnectDao/target/wiseconnectDao-1.0-SNAPSHOT.jar!/com/wisilica/wiseconnect/dao/repository/PhoneRepository.class]
25-04-2019 19:06:27.965 reqId=[] DEBUG 8570 --- [           main] o.s.d.r.c.RepositoryComponentProvider    : Identified candidate component class: URL [jar:file:/home/wisilica/Downloads/WiseStandard-oauth2_branch-1/wiseconnectSuite/wiseconnectDao/target/wiseconnectDao-1.0-SNAPSHOT.jar!/com/wisilica/wiseconnect/dao/repository/TagRepository.class]
25-04-2019 19:06:27.965 reqId=[] DEBUG 8570 --- [           main] o.s.d.r.c.RepositoryComponentProvider    : Identified candidate component class: URL [jar:file:/home/wisilica/Downloads/WiseStandard-oauth2_branch-1/wiseconnectSuite/wiseconnectDao/target/wiseconnectDao-1.0-SNAPSHOT.jar!/com/wisilica/wiseconnect/dao/repository/WideInfoRepository.class]
25-04-2019 19:06:27.966 reqId=[] DEBUG 8570 --- [           main] o.s.d.r.c.RepositoryComponentProvider    : Identified candidate component class: URL [jar:file:/home/wisilica/Downloads/WiseStandard-oauth2_branch-1/wiseconnectSuite/wiseconnectDao/target/wiseconnectDao-1.0-SNAPSHOT.jar!/com/wisilica/wiseconnect/dao/repository/UserRoleRepository.class]
25-04-2019 19:06:27.966 reqId=[] DEBUG 8570 --- [           main] o.s.d.r.c.RepositoryComponentProvider    : Identified candidate component class: URL [jar:file:/home/wisilica/Downloads/WiseStandard-oauth2_branch-1/wiseconnectSuite/wiseconnectDao/target/wiseconnectDao-1.0-SNAPSHOT.jar!/com/wisilica/wiseconnect/dao/repository/SocketAuthenticationRepository.class]
25-04-2019 19:06:27.967 reqId=[] DEBUG 8570 --- [           main] o.s.d.r.c.RepositoryComponentProvider    : Identified candidate component class: URL [jar:file:/home/wisilica/Downloads/WiseStandard-oauth2_branch-1/wiseconnectSuite/wiseconnectDao/target/wiseconnectDao-1.0-SNAPSHOT.jar!/com/wisilica/wiseconnect/dao/repository/UserRepository.class]
25-04-2019 19:06:27.967 reqId=[] DEBUG 8570 --- [           main] o.s.d.r.c.RepositoryComponentProvider    : Identified candidate component class: URL [jar:file:/home/wisilica/Downloads/WiseStandard-oauth2_branch-1/wiseconnectSuite/wiseconnectDao/target/wiseconnectDao-1.0-SNAPSHOT.jar!/com/wisilica/wiseconnect/dao/repository/BundleClientMappingRepository.class]
25-04-2019 19:06:27.967 reqId=[] DEBUG 8570 --- [           main] o.s.d.r.c.RepositoryComponentProvider    : Identified candidate component class: URL [jar:file:/home/wisilica/Downloads/WiseStandard-oauth2_branch-1/wiseconnectSuite/wiseconnectDao/target/wiseconnectDao-1.0-SNAPSHOT.jar!/com/wisilica/wiseconnect/dao/repository/AppInfoRepository.class]
25-04-2019 19:06:27.968 reqId=[] DEBUG 8570 --- [           main] o.s.d.r.c.RepositoryComponentProvider    : Identified candidate component class: URL [jar:file:/home/wisilica/Downloads/WiseStandard-oauth2_branch-1/wiseconnectSuite/wiseconnectDao/target/wiseconnectDao-1.0-SNAPSHOT.jar!/com/wisilica/wiseconnect/dao/repository/RolesRepository.class]
25-04-2019 19:06:27.968 reqId=[] DEBUG 8570 --- [           main] o.s.d.r.c.RepositoryComponentProvider    : Identified candidate component class: URL [jar:file:/home/wisilica/Downloads/WiseStandard-oauth2_branch-1/wiseconnectSuite/wiseconnectDao/target/wiseconnectDao-1.0-SNAPSHOT.jar!/com/wisilica/wiseconnect/dao/repository/BundleRepository.class]
25-04-2019 19:06:27.969 reqId=[] DEBUG 8570 --- [           main] o.s.d.r.c.RepositoryComponentProvider    : Identified candidate component class: URL [jar:file:/home/wisilica/Downloads/WiseStandard-oauth2_branch-1/wiseconnectSuite/wiseconnectDao/target/wiseconnectDao-1.0-SNAPSHOT.jar!/com/wisilica/wiseconnect/dao/repository/OrganizationRepository.class]
25-04-2019 19:06:27.969 reqId=[] DEBUG 8570 --- [           main] o.s.d.r.c.RepositoryComponentProvider    : Identified candidate component class: URL [jar:file:/home/wisilica/Downloads/WiseStandard-oauth2_branch-1/wiseconnectSuite/wiseconnectDao/target/wiseconnectDao-1.0-SNAPSHOT.jar!/com/wisilica/wiseconnect/dao/repository/NotificationRepository.class]
25-04-2019 19:06:27.969 reqId=[] DEBUG 8570 --- [           main] o.s.d.r.c.RepositoryComponentProvider    : Identified candidate component class: URL [jar:file:/home/wisilica/Downloads/WiseStandard-oauth2_branch-1/wiseconnectSuite/wiseconnectDao/target/wiseconnectDao-1.0-SNAPSHOT.jar!/com/wisilica/wiseconnect/dao/repository/BridgeListenerInfoRepository.class]
25-04-2019 19:06:27.970 reqId=[] DEBUG 8570 --- [           main] o.s.d.r.c.RepositoryComponentProvider    : Identified candidate component class: URL [jar:file:/home/wisilica/Downloads/WiseStandard-oauth2_branch-1/wiseconnectSuite/wiseconnectDao/target/wiseconnectDao-1.0-SNAPSHOT.jar!/com/wisilica/wiseconnect/dao/repository/UserLoginInfoRepository.class]
25-04-2019 19:06:27.978 reqId=[]  INFO 8570 --- [           main] .RepositoryConfigurationExtensionSupport : Spring Data Redis - Could not safely identify store assignment for repository candidate interface com.wisilica.wiseconnect.dao.repository.UserSubOrgPermissionsRepository.
25-04-2019 19:06:27.979 reqId=[]  INFO 8570 --- [           main] .RepositoryConfigurationExtensionSupport : Spring Data Redis - Could not safely identify store assignment for repository candidate interface com.wisilica.wiseconnect.dao.repository.PhoneRepository.
25-04-2019 19:06:27.980 reqId=[]  INFO 8570 --- [           main] .RepositoryConfigurationExtensionSupport : Spring Data Redis - Could not safely identify store assignment for repository candidate interface com.wisilica.wiseconnect.dao.repository.TagRepository.
25-04-2019 19:06:27.981 reqId=[]  INFO 8570 --- [           main] .RepositoryConfigurationExtensionSupport : Spring Data Redis - Could not safely identify store assignment for repository candidate interface com.wisilica.wiseconnect.dao.repository.WideInfoRepository.
25-04-2019 19:06:27.982 reqId=[]  INFO 8570 --- [           main] .RepositoryConfigurationExtensionSupport : Spring Data Redis - Could not safely identify store assignment for repository candidate interface com.wisilica.wiseconnect.dao.repository.UserRoleRepository.
25-04-2019 19:06:27.983 reqId=[]  INFO 8570 --- [           main] .RepositoryConfigurationExtensionSupport : Spring Data Redis - Could not safely identify store assignment for repository candidate interface com.wisilica.wiseconnect.dao.repository.SocketAuthenticationRepository.
25-04-2019 19:06:27.984 reqId=[]  INFO 8570 --- [           main] .RepositoryConfigurationExtensionSupport : Spring Data Redis - Could not safely identify store assignment for repository candidate interface com.wisilica.wiseconnect.dao.repository.UserRepository.
25-04-2019 19:06:27.985 reqId=[]  INFO 8570 --- [           main] .RepositoryConfigurationExtensionSupport : Spring Data Redis - Could not safely identify store assignment for repository candidate interface com.wisilica.wiseconnect.dao.repository.BundleClientMappingRepository.
25-04-2019 19:06:27.986 reqId=[]  INFO 8570 --- [           main] .RepositoryConfigurationExtensionSupport : Spring Data Redis - Could not safely identify store assignment for repository candidate interface com.wisilica.wiseconnect.dao.repository.AppInfoRepository.
25-04-2019 19:06:27.987 reqId=[]  INFO 8570 --- [           main] .RepositoryConfigurationExtensionSupport : Spring Data Redis - Could not safely identify store assignment for repository candidate interface com.wisilica.wiseconnect.dao.repository.RolesRepository.
25-04-2019 19:06:27.988 reqId=[]  INFO 8570 --- [           main] .RepositoryConfigurationExtensionSupport : Spring Data Redis - Could not safely identify store assignment for repository candidate interface com.wisilica.wiseconnect.dao.repository.BundleRepository.
25-04-2019 19:06:27.989 reqId=[]  INFO 8570 --- [           main] .RepositoryConfigurationExtensionSupport : Spring Data Redis - Could not safely identify store assignment for repository candidate interface com.wisilica.wiseconnect.dao.repository.OrganizationRepository.
25-04-2019 19:06:27.990 reqId=[]  INFO 8570 --- [           main] .RepositoryConfigurationExtensionSupport : Spring Data Redis - Could not safely identify store assignment for repository candidate interface com.wisilica.wiseconnect.dao.repository.NotificationRepository.
25-04-2019 19:06:27.991 reqId=[]  INFO 8570 --- [           main] .RepositoryConfigurationExtensionSupport : Spring Data Redis - Could not safely identify store assignment for repository candidate interface com.wisilica.wiseconnect.dao.repository.BridgeListenerInfoRepository.
25-04-2019 19:06:27.992 reqId=[]  INFO 8570 --- [           main] .RepositoryConfigurationExtensionSupport : Spring Data Redis - Could not safely identify store assignment for repository candidate interface com.wisilica.wiseconnect.dao.repository.UserLoginInfoRepository.
25-04-2019 19:06:27.992 reqId=[]  INFO 8570 --- [           main] .s.d.r.c.RepositoryConfigurationDelegate : Finished Spring Data repository scanning in 39ms. Found 0 repository interfaces.
25-04-2019 19:06:28.106 reqId=[] DEBUG 8570 --- [           main] o.s.c.e.PropertySourcesPropertyResolver  : Found key 'server.port' in PropertySource 'configurationProperties' with value of type String
25-04-2019 19:06:28.374 reqId=[] DEBUG 8570 --- [           main] o.s.b.f.s.DefaultListableBeanFactory     : Creating shared instance of singleton bean 'org.springframework.security.oauth2.config.annotation.web.configuration.AuthorizationServerEndpointsConfiguration$TokenKeyEndpointRegistrar'
25-04-2019 19:06:28.763 reqId=[] DEBUG 8570 --- [           main] o.s.b.f.s.DefaultListableBeanFactory     : Creating shared instance of singleton bean 'propertySourcesPlaceholderConfigurer'
25-04-2019 19:06:28.774 reqId=[] DEBUG 8570 --- [           main] o.s.b.f.s.DefaultListableBeanFactory     : Creating shared instance of singleton bean 'org.springframework.boot.test.mock.mockito.MockitoPostProcessor'
25-04-2019 19:06:28.776 reqId=[] DEBUG 8570 --- [           main] o.s.b.f.s.DefaultListableBeanFactory     : Creating shared instance of singleton bean 'emBeanDefinitionRegistrarPostProcessor'
25-04-2019 19:06:28.909 reqId=[] DEBUG 8570 --- [           main] o.s.b.f.s.DefaultListableBeanFactory     : Creating shared instance of singleton bean 'org.springframework.context.event.internalEventListenerProcessor'
25-04-2019 19:06:28.911 reqId=[] DEBUG 8570 --- [           main] o.s.b.f.s.DefaultListableBeanFactory     : Creating shared instance of singleton bean 'org.springframework.boot.context.properties.ConfigurationBeanFactoryMetadata'
25-04-2019 19:06:28.911 reqId=[] DEBUG 8570 --- [           main] o.s.b.f.s.DefaultListableBeanFactory     : Creating shared instance of singleton bean 'preserveErrorControllerTargetClassPostProcessor'
25-04-2019 19:06:28.914 reqId=[] DEBUG 8570 --- [           main] o.s.b.f.s.DefaultListableBeanFactory     : Creating shared instance of singleton bean 'org.springframework.context.event.internalEventListenerFactory'
25-04-2019 19:06:28.915 reqId=[] DEBUG 8570 --- [           main] o.s.b.f.s.DefaultListableBeanFactory     : Creating shared instance of singleton bean 'org.springframework.transaction.config.internalTransactionalEventListenerFactory'
25-04-2019 19:06:28.926 reqId=[] DEBUG 8570 --- [           main] o.s.b.f.s.DefaultListableBeanFactory     : Creating shared instance of singleton bean 'org.springframework.boot.test.mock.mockito.MockitoPostProcessor$SpyPostProcessor'
25-04-2019 19:06:28.926 reqId=[] DEBUG 8570 --- [           main] o.s.b.f.s.DefaultListableBeanFactory     : Creating shared instance of singleton bean 'org.springframework.context.annotation.internalAutowiredAnnotationProcessor'
25-04-2019 19:06:28.928 reqId=[] DEBUG 8570 --- [           main] o.s.b.f.s.DefaultListableBeanFactory     : Creating shared instance of singleton bean 'org.springframework.context.annotation.internalCommonAnnotationProcessor'
25-04-2019 19:06:28.950 reqId=[] DEBUG 8570 --- [           main] o.s.b.f.s.DefaultListableBeanFactory     : Creating shared instance of singleton bean 'org.springframework.context.annotation.internalPersistenceAnnotationProcessor'
25-04-2019 19:06:28.950 reqId=[] DEBUG 8570 --- [           main] o.s.b.f.s.DefaultListableBeanFactory     : Creating shared instance of singleton bean 'org.springframework.boot.context.properties.ConfigurationPropertiesBindingPostProcessor'
25-04-2019 19:06:28.954 reqId=[] DEBUG 8570 --- [           main] o.s.b.f.s.DefaultListableBeanFactory     : Creating shared instance of singleton bean 'org.springframework.aop.config.internalAutoProxyCreator'
25-04-2019 19:06:29.029 reqId=[] DEBUG 8570 --- [           main] o.s.b.f.s.DefaultListableBeanFactory     : Creating shared instance of singleton bean 'methodValidationPostProcessor'
25-04-2019 19:06:29.086 reqId=[] DEBUG 8570 --- [           main] o.s.b.f.s.DefaultListableBeanFactory     : Autowiring by type from bean name 'methodValidationPostProcessor' via factory method to bean named 'environment'
25-04-2019 19:06:29.104 reqId=[] DEBUG 8570 --- [           main] o.s.b.f.s.DefaultListableBeanFactory     : Creating shared instance of singleton bean 'dataSourceInitializerPostProcessor'
25-04-2019 19:06:29.110 reqId=[] DEBUG 8570 --- [           main] o.s.b.f.s.DefaultListableBeanFactory     : Creating shared instance of singleton bean 'persistenceExceptionTranslationPostProcessor'
25-04-2019 19:06:29.113 reqId=[] DEBUG 8570 --- [           main] o.s.b.f.s.DefaultListableBeanFactory     : Autowiring by type from bean name 'persistenceExceptionTranslationPostProcessor' via factory method to bean named 'environment'
25-04-2019 19:06:29.123 reqId=[] DEBUG 8570 --- [           main] o.s.b.f.s.DefaultListableBeanFactory     : Creating shared instance of singleton bean 'webServerFactoryCustomizerBeanPostProcessor'
25-04-2019 19:06:29.128 reqId=[] DEBUG 8570 --- [           main] o.s.b.f.s.DefaultListableBeanFactory     : Creating shared instance of singleton bean 'errorPageRegistrarBeanPostProcessor'
25-04-2019 19:06:29.133 reqId=[] DEBUG 8570 --- [           main] o.s.b.f.s.DefaultListableBeanFactory     : Creating shared instance of singleton bean 'meterRegistryPostProcessor'
25-04-2019 19:06:29.136 reqId=[] DEBUG 8570 --- [           main] o.s.b.f.s.DefaultListableBeanFactory     : Creating shared instance of singleton bean 'org.springframework.transaction.config.internalTransactionAdvisor'
25-04-2019 19:06:29.136 reqId=[] DEBUG 8570 --- [           main] o.s.b.f.s.DefaultListableBeanFactory     : Creating shared instance of singleton bean 'org.springframework.transaction.annotation.ProxyTransactionManagementConfiguration'
25-04-2019 19:06:29.179 reqId=[] DEBUG 8570 --- [           main] .s.a.a.a.ReflectiveAspectJAdvisorFactory : Found AspectJ method: public java.lang.Object com.wisilica.wiseconnect.commons.aop.ExecutionContextSetter.executionContextSetAroundAdvice(org.aspectj.lang.ProceedingJoinPoint) throws java.lang.Throwable
25-04-2019 19:06:29.211 reqId=[]  INFO 8570 --- [           main] trationDelegate$BeanPostProcessorChecker : Bean 'org.springframework.transaction.annotation.ProxyTransactionManagementConfiguration' of type [org.springframework.transaction.annotation.ProxyTransactionManagementConfiguration$$EnhancerBySpringCGLIB$$63e5ef59] is not eligible for getting processed by all BeanPostProcessors (for example: not eligible for auto-proxying)
25-04-2019 19:06:29.409 reqId=[] DEBUG 8570 --- [           main] o.s.b.f.s.DefaultListableBeanFactory     : Creating shared instance of singleton bean 'transactionAttributeSource'
25-04-2019 19:06:29.426 reqId=[] DEBUG 8570 --- [           main] o.s.b.f.s.DefaultListableBeanFactory     : Creating shared instance of singleton bean 'transactionInterceptor'
25-04-2019 19:06:29.459 reqId=[] DEBUG 8570 --- [           main] o.s.b.f.s.DefaultListableBeanFactory     : Creating shared instance of singleton bean 'projectingArgumentResolverBeanPostProcessor'
25-04-2019 19:06:29.503 reqId=[] DEBUG 8570 --- [           main] o.s.b.f.s.DefaultListableBeanFactory     : Creating shared instance of singleton bean 'messageSource'
25-04-2019 19:06:29.503 reqId=[] DEBUG 8570 --- [           main] o.s.b.f.s.DefaultListableBeanFactory     : Creating shared instance of singleton bean 'wiseconnectConfig'
25-04-2019 19:06:29.516 reqId=[] DEBUG 8570 --- [           main] o.s.b.f.s.DefaultListableBeanFactory     : Creating shared instance of singleton bean 'securityInterceptor'
25-04-2019 19:06:29.525 reqId=[] DEBUG 8570 --- [           main] o.s.b.f.s.DefaultListableBeanFactory     : Creating shared instance of singleton bean 'authenticationServiceImpl'
25-04-2019 19:06:29.536 reqId=[] DEBUG 8570 --- [           main] o.s.b.f.s.DefaultListableBeanFactory     : Creating shared instance of singleton bean 'authenticationDaoImpl'
25-04-2019 19:06:29.545 reqId=[] DEBUG 8570 --- [           main] o.s.b.f.s.DefaultListableBeanFactory     : Creating shared instance of singleton bean 'entityManagerFactory'
25-04-2019 19:06:29.545 reqId=[] DEBUG 8570 --- [           main] o.s.b.f.s.DefaultListableBeanFactory     : Creating shared instance of singleton bean 'databaseConfig'
25-04-2019 19:06:29.568 reqId=[] DEBUG 8570 --- [           main] o.s.b.f.s.DefaultListableBeanFactory     : Creating shared instance of singleton bean 'masterDataSource'
25-04-2019 19:06:29.967 reqId=[] DEBUG 8570 --- [           main] o.s.b.f.s.DefaultListableBeanFactory     : Creating shared instance of singleton bean 'org.springframework.boot.autoconfigure.jdbc.DataSourceInitializerInvoker'
25-04-2019 19:06:29.972 reqId=[] DEBUG 8570 --- [           main] o.s.b.f.s.DefaultListableBeanFactory     : Creating shared instance of singleton bean 'spring.datasource-org.springframework.boot.autoconfigure.jdbc.DataSourceProperties'
25-04-2019 19:06:30.001 reqId=[] DEBUG 8570 --- [           main] o.s.b.f.s.DefaultListableBeanFactory     : Autowiring by type from bean name 'org.springframework.boot.autoconfigure.jdbc.DataSourceInitializerInvoker' via constructor to bean named 'spring.datasource-org.springframework.boot.autoconfigure.jdbc.DataSourceProperties'
25-04-2019 19:06:30.001 reqId=[] DEBUG 8570 --- [           main] o.s.b.f.s.DefaultListableBeanFactory     : Autowiring by type from bean name 'org.springframework.boot.autoconfigure.jdbc.DataSourceInitializerInvoker' via constructor to bean named 'org.springframework.web.context.support.GenericWebApplicationContext@2438dcd'
25-04-2019 19:06:30.009 reqId=[] DEBUG 8570 --- [           main] o.s.b.f.s.DefaultListableBeanFactory     : Creating shared instance of singleton bean 'readerDataSource'
25-04-2019 19:06:30.032 reqId=[] DEBUG 8570 --- [           main] o.s.b.f.s.DefaultListableBeanFactory     : Creating shared instance of singleton bean 'dataSource'
25-04-2019 19:06:30.067 reqId=[] DEBUG 8570 --- [           main] o.s.c.e.PropertySourcesPropertyResolver  : Found key 'hibernate.format_sql' in PropertySource 'applicationConfig: [classpath:/application.properties]' with value of type String
25-04-2019 19:06:30.067 reqId=[] DEBUG 8570 --- [           main] o.s.c.e.PropertySourcesPropertyResolver  : Found key 'hibernate.show_sql' in PropertySource 'applicationConfig: [classpath:/application.properties]' with value of type String
25-04-2019 19:06:30.106 reqId=[] DEBUG 8570 --- [           main] j.LocalContainerEntityManagerFactoryBean : Building JPA container EntityManagerFactory for persistence unit 'default'
25-04-2019 19:06:30.204 reqId=[]  INFO 8570 --- [           main] o.hibernate.jpa.internal.util.LogHelper  : HHH000204: Processing PersistenceUnitInfo [
	name: default
	...]
25-04-2019 19:06:30.492 reqId=[]  INFO 8570 --- [           main] org.hibernate.Version                    : HHH000412: Hibernate Core {5.3.7.Final}
25-04-2019 19:06:30.504 reqId=[]  INFO 8570 --- [           main] org.hibernate.cfg.Environment            : HHH000206: hibernate.properties not found
25-04-2019 19:06:31.067 reqId=[]  INFO 8570 --- [           main] o.hibernate.annotations.common.Version   : HCANN000001: Hibernate Commons Annotations {5.0.4.Final}
25-04-2019 19:06:31.440 reqId=[]  INFO 8570 --- [           main] com.zaxxer.hikari.HikariDataSource       : HikariPool-1 - Starting...
25-04-2019 19:06:32.606 reqId=[] ERROR 8570 --- [           main] com.zaxxer.hikari.pool.HikariPool        : HikariPool-1 - Exception during pool initialization.

com.mysql.cj.jdbc.exceptions.CommunicationsException: Communications link failure

The last packet sent successfully to the server was 0 milliseconds ago. The driver has not received any packets from the server.
	at com.mysql.cj.jdbc.exceptions.SQLError.createCommunicationsException(SQLError.java:174)
	at com.mysql.cj.jdbc.exceptions.SQLExceptionsMapping.translateException(SQLExceptionsMapping.java:64)
	at com.mysql.cj.jdbc.ConnectionImpl.createNewIO(ConnectionImpl.java:835)
	at com.mysql.cj.jdbc.ConnectionImpl.<init>(ConnectionImpl.java:455)
	at com.mysql.cj.jdbc.ConnectionImpl.getInstance(ConnectionImpl.java:240)
	at com.mysql.cj.jdbc.NonRegisteringDriver.connect(NonRegisteringDriver.java:207)
	at com.zaxxer.hikari.util.DriverDataSource.getConnection(DriverDataSource.java:136)
	at com.zaxxer.hikari.pool.PoolBase.newConnection(PoolBase.java:369)
	at com.zaxxer.hikari.pool.PoolBase.newPoolEntry(PoolBase.java:198)
	at com.zaxxer.hikari.pool.HikariPool.createPoolEntry(HikariPool.java:467)
	at com.zaxxer.hikari.pool.HikariPool.checkFailFast(HikariPool.java:541)
	at com.zaxxer.hikari.pool.HikariPool.<init>(HikariPool.java:115)
	at com.zaxxer.hikari.HikariDataSource.getConnection(HikariDataSource.java:112)
	at org.springframework.jdbc.datasource.lookup.AbstractRoutingDataSource.getConnection(AbstractRoutingDataSource.java:169)
	at org.hibernate.engine.jdbc.connections.internal.DatasourceConnectionProviderImpl.getConnection(DatasourceConnectionProviderImpl.java:122)
	at org.hibernate.engine.jdbc.env.internal.JdbcEnvironmentInitiator$ConnectionProviderJdbcConnectionAccess.obtainConnection(JdbcEnvironmentInitiator.java:180)
	at org.hibernate.engine.jdbc.env.internal.JdbcEnvironmentInitiator.initiateService(JdbcEnvironmentInitiator.java:68)
	at org.hibernate.engine.jdbc.env.internal.JdbcEnvironmentInitiator.initiateService(JdbcEnvironmentInitiator.java:35)
	at org.hibernate.boot.registry.internal.StandardServiceRegistryImpl.initiateService(StandardServiceRegistryImpl.java:94)
	at org.hibernate.service.internal.AbstractServiceRegistryImpl.createService(AbstractServiceRegistryImpl.java:263)
	at org.hibernate.service.internal.AbstractServiceRegistryImpl.initializeService(AbstractServiceRegistryImpl.java:237)
	at org.hibernate.service.internal.AbstractServiceRegistryImpl.getService(AbstractServiceRegistryImpl.java:214)
	at org.hibernate.id.factory.internal.DefaultIdentifierGeneratorFactory.injectServices(DefaultIdentifierGeneratorFactory.java:152)
	at org.hibernate.service.internal.AbstractServiceRegistryImpl.injectDependencies(AbstractServiceRegistryImpl.java:286)
	at org.hibernate.service.internal.AbstractServiceRegistryImpl.initializeService(AbstractServiceRegistryImpl.java:243)
	at org.hibernate.service.internal.AbstractServiceRegistryImpl.getService(AbstractServiceRegistryImpl.java:214)
	at org.hibernate.boot.internal.InFlightMetadataCollectorImpl.<init>(InFlightMetadataCollectorImpl.java:179)
	at org.hibernate.boot.model.process.spi.MetadataBuildingProcess.complete(MetadataBuildingProcess.java:119)
	at org.hibernate.jpa.boot.internal.EntityManagerFactoryBuilderImpl.metadata(EntityManagerFactoryBuilderImpl.java:904)
	at org.hibernate.jpa.boot.internal.EntityManagerFactoryBuilderImpl.build(EntityManagerFactoryBuilderImpl.java:935)
	at org.hibernate.jpa.HibernatePersistenceProvider.createContainerEntityManagerFactory(HibernatePersistenceProvider.java:141)
	at org.springframework.orm.jpa.LocalContainerEntityManagerFactoryBean.createNativeEntityManagerFactory(LocalContainerEntityManagerFactoryBean.java:365)
	at org.springframework.orm.jpa.AbstractEntityManagerFactoryBean.buildNativeEntityManagerFactory(AbstractEntityManagerFactoryBean.java:390)
	at org.springframework.orm.jpa.AbstractEntityManagerFactoryBean.afterPropertiesSet(AbstractEntityManagerFactoryBean.java:377)
	at org.springframework.orm.jpa.LocalContainerEntityManagerFactoryBean.afterPropertiesSet(LocalContainerEntityManagerFactoryBean.java:341)
	at org.springframework.beans.factory.support.AbstractAutowireCapableBeanFactory.invokeInitMethods(AbstractAutowireCapableBeanFactory.java:1804)
	at org.springframework.beans.factory.support.AbstractAutowireCapableBeanFactory.initializeBean(AbstractAutowireCapableBeanFactory.java:1741)
	at org.springframework.beans.factory.support.AbstractAutowireCapableBeanFactory.doCreateBean(AbstractAutowireCapableBeanFactory.java:576)
	at org.springframework.beans.factory.support.AbstractAutowireCapableBeanFactory.createBean(AbstractAutowireCapableBeanFactory.java:498)
	at org.springframework.beans.factory.support.AbstractBeanFactory.lambda$doGetBean$0(AbstractBeanFactory.java:320)
	at org.springframework.beans.factory.support.DefaultSingletonBeanRegistry.getSingleton(DefaultSingletonBeanRegistry.java:222)
	at org.springframework.beans.factory.support.AbstractBeanFactory.doGetBean(AbstractBeanFactory.java:318)
	at org.springframework.beans.factory.support.AbstractBeanFactory.getBean(AbstractBeanFactory.java:224)
	at org.springframework.beans.factory.support.DefaultListableBeanFactory.resolveNamedBean(DefaultListableBeanFactory.java:1112)
	at org.springframework.beans.factory.support.DefaultListableBeanFactory.resolveNamedBean(DefaultListableBeanFactory.java:1079)
	at org.springframework.orm.jpa.support.PersistenceAnnotationBeanPostProcessor.findDefaultEntityManagerFactory(PersistenceAnnotationBeanPostProcessor.java:580)
	at org.springframework.orm.jpa.support.PersistenceAnnotationBeanPostProcessor.findEntityManagerFactory(PersistenceAnnotationBeanPostProcessor.java:543)
	at org.springframework.orm.jpa.support.PersistenceAnnotationBeanPostProcessor$PersistenceElement.resolveEntityManager(PersistenceAnnotationBeanPostProcessor.java:711)
	at org.springframework.orm.jpa.support.PersistenceAnnotationBeanPostProcessor$PersistenceElement.getResourceToInject(PersistenceAnnotationBeanPostProcessor.java:684)
	at org.springframework.beans.factory.annotation.InjectionMetadata$InjectedElement.inject(InjectionMetadata.java:180)
	at org.springframework.beans.factory.annotation.InjectionMetadata.inject(InjectionMetadata.java:90)
	at org.springframework.orm.jpa.support.PersistenceAnnotationBeanPostProcessor.postProcessProperties(PersistenceAnnotationBeanPostProcessor.java:356)
	at org.springframework.beans.factory.support.AbstractAutowireCapableBeanFactory.populateBean(AbstractAutowireCapableBeanFactory.java:1378)
	at org.springframework.beans.factory.support.AbstractAutowireCapableBeanFactory.doCreateBean(AbstractAutowireCapableBeanFactory.java:575)
	at org.springframework.beans.factory.support.AbstractAutowireCapableBeanFactory.createBean(AbstractAutowireCapableBeanFactory.java:498)
	at org.springframework.beans.factory.support.AbstractBeanFactory.lambda$doGetBean$0(AbstractBeanFactory.java:320)
	at org.springframework.beans.factory.support.DefaultSingletonBeanRegistry.getSingleton(DefaultSingletonBeanRegistry.java:222)
	at org.springframework.beans.factory.support.AbstractBeanFactory.doGetBean(AbstractBeanFactory.java:318)
	at org.springframework.beans.factory.support.AbstractBeanFactory.getBean(AbstractBeanFactory.java:199)
	at org.springframework.beans.factory.config.DependencyDescriptor.resolveCandidate(DependencyDescriptor.java:273)
	at org.springframework.beans.factory.support.DefaultListableBeanFactory.doResolveDependency(DefaultListableBeanFactory.java:1237)
	at org.springframework.beans.factory.support.DefaultListableBeanFactory.resolveDependency(DefaultListableBeanFactory.java:1164)
	at org.springframework.beans.factory.annotation.AutowiredAnnotationBeanPostProcessor$AutowiredFieldElement.inject(AutowiredAnnotationBeanPostProcessor.java:593)
	at org.springframework.beans.factory.annotation.InjectionMetadata.inject(InjectionMetadata.java:90)
	at org.springframework.beans.factory.annotation.AutowiredAnnotationBeanPostProcessor.postProcessProperties(AutowiredAnnotationBeanPostProcessor.java:374)
	at org.springframework.beans.factory.support.AbstractAutowireCapableBeanFactory.populateBean(AbstractAutowireCapableBeanFactory.java:1378)
	at org.springframework.beans.factory.support.AbstractAutowireCapableBeanFactory.doCreateBean(AbstractAutowireCapableBeanFactory.java:575)
	at org.springframework.beans.factory.support.AbstractAutowireCapableBeanFactory.createBean(AbstractAutowireCapableBeanFactory.java:498)
	at org.springframework.beans.factory.support.AbstractBeanFactory.lambda$doGetBean$0(AbstractBeanFactory.java:320)
	at org.springframework.beans.factory.support.DefaultSingletonBeanRegistry.getSingleton(DefaultSingletonBeanRegistry.java:222)
	at org.springframework.beans.factory.support.AbstractBeanFactory.doGetBean(AbstractBeanFactory.java:318)
	at org.springframework.beans.factory.support.AbstractBeanFactory.getBean(AbstractBeanFactory.java:199)
	at org.springframework.beans.factory.config.DependencyDescriptor.resolveCandidate(DependencyDescriptor.java:273)
	at org.springframework.beans.factory.support.DefaultListableBeanFactory.doResolveDependency(DefaultListableBeanFactory.java:1237)
	at org.springframework.beans.factory.support.DefaultListableBeanFactory.resolveDependency(DefaultListableBeanFactory.java:1164)
	at org.springframework.beans.factory.annotation.AutowiredAnnotationBeanPostProcessor$AutowiredFieldElement.inject(AutowiredAnnotationBeanPostProcessor.java:593)
	at org.springframework.beans.factory.annotation.InjectionMetadata.inject(InjectionMetadata.java:90)
	at org.springframework.beans.factory.annotation.AutowiredAnnotationBeanPostProcessor.postProcessProperties(AutowiredAnnotationBeanPostProcessor.java:374)
	at org.springframework.beans.factory.support.AbstractAutowireCapableBeanFactory.populateBean(AbstractAutowireCapableBeanFactory.java:1378)
	at org.springframework.beans.factory.support.AbstractAutowireCapableBeanFactory.doCreateBean(AbstractAutowireCapableBeanFactory.java:575)
	at org.springframework.beans.factory.support.AbstractAutowireCapableBeanFactory.createBean(AbstractAutowireCapableBeanFactory.java:498)
	at org.springframework.beans.factory.support.AbstractBeanFactory.lambda$doGetBean$0(AbstractBeanFactory.java:320)
	at org.springframework.beans.factory.support.DefaultSingletonBeanRegistry.getSingleton(DefaultSingletonBeanRegistry.java:222)
	at org.springframework.beans.factory.support.AbstractBeanFactory.doGetBean(AbstractBeanFactory.java:318)
	at org.springframework.beans.factory.support.AbstractBeanFactory.getBean(AbstractBeanFactory.java:199)
	at org.springframework.beans.factory.config.DependencyDescriptor.resolveCandidate(DependencyDescriptor.java:273)
	at org.springframework.beans.factory.support.DefaultListableBeanFactory.doResolveDependency(DefaultListableBeanFactory.java:1237)
	at org.springframework.beans.factory.support.DefaultListableBeanFactory.resolveDependency(DefaultListableBeanFactory.java:1164)
	at org.springframework.beans.factory.annotation.AutowiredAnnotationBeanPostProcessor$AutowiredFieldElement.inject(AutowiredAnnotationBeanPostProcessor.java:593)
	at org.springframework.beans.factory.annotation.InjectionMetadata.inject(InjectionMetadata.java:90)
	at org.springframework.beans.factory.annotation.AutowiredAnnotationBeanPostProcessor.postProcessProperties(AutowiredAnnotationBeanPostProcessor.java:374)
	at org.springframework.beans.factory.support.AbstractAutowireCapableBeanFactory.populateBean(AbstractAutowireCapableBeanFactory.java:1378)
	at org.springframework.beans.factory.support.AbstractAutowireCapableBeanFactory.doCreateBean(AbstractAutowireCapableBeanFactory.java:575)
	at org.springframework.beans.factory.support.AbstractAutowireCapableBeanFactory.createBean(AbstractAutowireCapableBeanFactory.java:498)
	at org.springframework.beans.factory.support.AbstractBeanFactory.lambda$doGetBean$0(AbstractBeanFactory.java:320)
	at org.springframework.beans.factory.support.DefaultSingletonBeanRegistry.getSingleton(DefaultSingletonBeanRegistry.java:222)
	at org.springframework.beans.factory.support.AbstractBeanFactory.doGetBean(AbstractBeanFactory.java:318)
	at org.springframework.beans.factory.support.AbstractBeanFactory.getBean(AbstractBeanFactory.java:199)
	at org.springframework.beans.factory.support.ConstructorResolver.instantiateUsingFactoryMethod(ConstructorResolver.java:392)
	at org.springframework.beans.factory.support.AbstractAutowireCapableBeanFactory.instantiateUsingFactoryMethod(AbstractAutowireCapableBeanFactory.java:1288)
	at org.springframework.beans.factory.support.AbstractAutowireCapableBeanFactory.createBeanInstance(AbstractAutowireCapableBeanFactory.java:1127)
	at org.springframework.beans.factory.support.AbstractAutowireCapableBeanFactory.doCreateBean(AbstractAutowireCapableBeanFactory.java:538)
	at org.springframework.beans.factory.support.AbstractAutowireCapableBeanFactory.createBean(AbstractAutowireCapableBeanFactory.java:498)
	at org.springframework.beans.factory.support.AbstractBeanFactory.lambda$doGetBean$0(AbstractBeanFactory.java:320)
	at org.springframework.beans.factory.support.DefaultSingletonBeanRegistry.getSingleton(DefaultSingletonBeanRegistry.java:222)
	at org.springframework.beans.factory.support.AbstractBeanFactory.doGetBean(AbstractBeanFactory.java:318)
	at org.springframework.beans.factory.support.AbstractBeanFactory.getBean(AbstractBeanFactory.java:204)
	at org.springframework.context.support.AbstractApplicationContext.initMessageSource(AbstractApplicationContext.java:717)
	at org.springframework.context.support.AbstractApplicationContext.refresh(AbstractApplicationContext.java:534)
	at org.springframework.boot.SpringApplication.refresh(SpringApplication.java:775)
	at org.springframework.boot.SpringApplication.refreshContext(SpringApplication.java:397)
	at org.springframework.boot.SpringApplication.run(SpringApplication.java:316)
	at org.springframework.boot.test.context.SpringBootContextLoader.loadContext(SpringBootContextLoader.java:127)
	at org.springframework.test.context.cache.DefaultCacheAwareContextLoaderDelegate.loadContextInternal(DefaultCacheAwareContextLoaderDelegate.java:99)
	at org.springframework.test.context.cache.DefaultCacheAwareContextLoaderDelegate.loadContext(DefaultCacheAwareContextLoaderDelegate.java:117)
	at org.springframework.test.context.support.DefaultTestContext.getApplicationContext(DefaultTestContext.java:108)
	at org.springframework.test.context.web.ServletTestExecutionListener.setUpRequestContextIfNecessary(ServletTestExecutionListener.java:190)
	at org.springframework.test.context.web.ServletTestExecutionListener.prepareTestInstance(ServletTestExecutionListener.java:132)
	at org.springframework.test.context.TestContextManager.prepareTestInstance(TestContextManager.java:246)
	at org.springframework.test.context.junit4.SpringJUnit4ClassRunner.createTest(SpringJUnit4ClassRunner.java:227)
	at org.springframework.test.context.junit4.SpringJUnit4ClassRunner$1.runReflectiveCall(SpringJUnit4ClassRunner.java:289)
	at org.junit.internal.runners.model.ReflectiveCallable.run(ReflectiveCallable.java:12)
	at org.springframework.test.context.junit4.SpringJUnit4ClassRunner.methodBlock(SpringJUnit4ClassRunner.java:291)
	at org.springframework.test.context.junit4.SpringJUnit4ClassRunner.runChild(SpringJUnit4ClassRunner.java:246)
	at org.springframework.test.context.junit4.SpringJUnit4ClassRunner.runChild(SpringJUnit4ClassRunner.java:97)
	at org.junit.runners.ParentRunner$3.run(ParentRunner.java:290)
	at org.junit.runners.ParentRunner$1.schedule(ParentRunner.java:71)
	at org.junit.runners.ParentRunner.runChildren(ParentRunner.java:288)
	at org.junit.runners.ParentRunner.access$000(ParentRunner.java:58)
	at org.junit.runners.ParentRunner$2.evaluate(ParentRunner.java:268)
	at org.springframework.test.context.junit4.statements.RunBeforeTestClassCallbacks.evaluate(RunBeforeTestClassCallbacks.java:61)
	at org.springframework.test.context.junit4.statements.RunAfterTestClassCallbacks.evaluate(RunAfterTestClassCallbacks.java:70)
	at org.junit.runners.ParentRunner.run(ParentRunner.java:363)
	at org.springframework.test.context.junit4.SpringJUnit4ClassRunner.run(SpringJUnit4ClassRunner.java:190)
	at org.apache.maven.surefire.junit4.JUnit4Provider.execute(JUnit4Provider.java:365)
	at org.apache.maven.surefire.junit4.JUnit4Provider.executeWithRerun(JUnit4Provider.java:273)
	at org.apache.maven.surefire.junit4.JUnit4Provider.executeTestSet(JUnit4Provider.java:238)
	at org.apache.maven.surefire.junit4.JUnit4Provider.invoke(JUnit4Provider.java:159)
	at org.apache.maven.surefire.booter.ForkedBooter.invokeProviderInSameClassLoader(ForkedBooter.java:384)
	at org.apache.maven.surefire.booter.ForkedBooter.runSuitesInProcess(ForkedBooter.java:345)
	at org.apache.maven.surefire.booter.ForkedBooter.execute(ForkedBooter.java:126)
	at org.apache.maven.surefire.booter.ForkedBooter.main(ForkedBooter.java:418)
Caused by: com.mysql.cj.exceptions.CJCommunicationsException: Communications link failure

The last packet sent successfully to the server was 0 milliseconds ago. The driver has not received any packets from the server.
	at sun.reflect.NativeConstructorAccessorImpl.newInstance0(Native Method)
	at sun.reflect.NativeConstructorAccessorImpl.newInstance(NativeConstructorAccessorImpl.java:62)
	at sun.reflect.DelegatingConstructorAccessorImpl.newInstance(DelegatingConstructorAccessorImpl.java:45)
	at java.lang.reflect.Constructor.newInstance(Constructor.java:423)
	at com.mysql.cj.exceptions.ExceptionFactory.createException(ExceptionFactory.java:61)
	at com.mysql.cj.exceptions.ExceptionFactory.createException(ExceptionFactory.java:105)
	at com.mysql.cj.exceptions.ExceptionFactory.createException(ExceptionFactory.java:151)
	at com.mysql.cj.exceptions.ExceptionFactory.createCommunicationsException(ExceptionFactory.java:167)
	at com.mysql.cj.protocol.a.NativeSocketConnection.connect(NativeSocketConnection.java:91)
	at com.mysql.cj.NativeSession.connect(NativeSession.java:152)
	at com.mysql.cj.jdbc.ConnectionImpl.connectOneTryOnly(ConnectionImpl.java:955)
	at com.mysql.cj.jdbc.ConnectionImpl.createNewIO(ConnectionImpl.java:825)
	... 139 common frames omitted
Caused by: java.net.ConnectException: Connection refused (Connection refused)
	at java.net.PlainSocketImpl.socketConnect(Native Method)
	at java.net.AbstractPlainSocketImpl.doConnect(AbstractPlainSocketImpl.java:350)
	at java.net.AbstractPlainSocketImpl.connectToAddress(AbstractPlainSocketImpl.java:206)
	at java.net.AbstractPlainSocketImpl.connect(AbstractPlainSocketImpl.java:188)
	at java.net.SocksSocketImpl.connect(SocksSocketImpl.java:392)
	at java.net.Socket.connect(Socket.java:589)
	at com.mysql.cj.protocol.StandardSocketFactory.connect(StandardSocketFactory.java:155)
	at com.mysql.cj.protocol.a.NativeSocketConnection.connect(NativeSocketConnection.java:65)
	... 142 common frames omitted

25-04-2019 19:06:32.608 reqId=[]  WARN 8570 --- [           main] o.h.e.j.e.i.JdbcEnvironmentInitiator     : HHH000342: Could not obtain connection to query metadata : Communications link failure

The last packet sent successfully to the server was 0 milliseconds ago. The driver has not received any packets from the server.
[...]
25-04-2019 19:06:45.460 reqId=[] DEBUG 8570 --- [           main] org.springframework.test.context.cache   : Spring test ApplicationContext cache statistics: [DefaultContextCache@31d8352e size = 1, maxSize = 32, parentContextCount = 0, hitCount = 0, missCount = 1]
25-04-2019 19:06:45.462 reqId=[] DEBUG 8570 --- [           main] o.s.t.c.w.ServletTestExecutionListener   : Setting up MockHttpServletRequest, MockHttpServletResponse, ServletWebRequest, and RequestContextHolder for test context [DefaultTestContext@f0da945 testClass = WiseconnectPasswordGrantTypeTest, testInstance = com.wisilica.wiseconnect.WiseconnectPasswordGrantTypeTest@27244a88, testMethod = [null], testException = [null], mergedContextConfiguration = [WebMergedContextConfiguration@4803b726 testClass = WiseconnectPasswordGrantTypeTest, locations = '{}', classes = '{class com.wisilica.wiseconnect.WiseconnectApplication}', contextInitializerClasses = '[]', activeProfiles = '{}', propertySourceLocations = '{}', propertySourceProperties = '{org.springframework.boot.test.context.SpringBootTestContextBootstrapper=true}', contextCustomizers = set[org.springframework.boot.test.context.filter.ExcludeFilterContextCustomizer@124c278f, org.springframework.boot.test.json.DuplicateJsonObjectContextCustomizerFactory$DuplicateJsonObjectContextCustomizer@6ce139a4, org.springframework.boot.test.mock.mockito.MockitoContextCustomizer@0, org.springframework.boot.test.web.client.TestRestTemplateContextCustomizer@6193932a, org.springframework.boot.test.autoconfigure.properties.PropertyMappingContextCustomizer@0, org.springframework.boot.test.autoconfigure.web.servlet.WebDriverContextCustomizerFactory$Customizer@5ccddd20], resourceBasePath = 'src/main/webapp', contextLoader = 'org.springframework.boot.test.context.SpringBootContextLoader', parent = [null]], attributes = map['org.springframework.test.context.web.ServletTestExecutionListener.activateListener' -> true]].
25-04-2019 19:06:45.509 reqId=[] DEBUG 8570 --- [           main] DependencyInjectionTestExecutionListener : Performing dependency injection for test context [[DefaultTestContext@f0da945 testClass = WiseconnectPasswordGrantTypeTest, testInstance = com.wisilica.wiseconnect.WiseconnectPasswordGrantTypeTest@27244a88, testMethod = [null], testException = [null], mergedContextConfiguration = [WebMergedContextConfiguration@4803b726 testClass = WiseconnectPasswordGrantTypeTest, locations = '{}', classes = '{class com.wisilica.wiseconnect.WiseconnectApplication}', contextInitializerClasses = '[]', activeProfiles = '{}', propertySourceLocations = '{}', propertySourceProperties = '{org.springframework.boot.test.context.SpringBootTestContextBootstrapper=true}', contextCustomizers = set[org.springframework.boot.test.context.filter.ExcludeFilterContextCustomizer@124c278f, org.springframework.boot.test.json.DuplicateJsonObjectContextCustomizerFactory$DuplicateJsonObjectContextCustomizer@6ce139a4, org.springframework.boot.test.mock.mockito.MockitoContextCustomizer@0, org.springframework.boot.test.web.client.TestRestTemplateContextCustomizer@6193932a, org.springframework.boot.test.autoconfigure.properties.PropertyMappingContextCustomizer@0, org.springframework.boot.test.autoconfigure.web.servlet.WebDriverContextCustomizerFactory$Customizer@5ccddd20], resourceBasePath = 'src/main/webapp', contextLoader = 'org.springframework.boot.test.context.SpringBootContextLoader', parent = [null]], attributes = map['org.springframework.test.context.web.ServletTestExecutionListener.activateListener' -> true, 'org.springframework.test.context.web.ServletTestExecutionListener.populatedRequestContextHolder' -> true, 'org.springframework.test.context.web.ServletTestExecutionListener.resetRequestContextHolder' -> true]]].
25-04-2019 19:06:45.510 reqId=[] DEBUG 8570 --- [           main] c.DefaultCacheAwareContextLoaderDelegate : Retrieved ApplicationContext from cache with key [[WebMergedContextConfiguration@4803b726 testClass = WiseconnectPasswordGrantTypeTest, locations = '{}', classes = '{class com.wisilica.wiseconnect.WiseconnectApplication}', contextInitializerClasses = '[]', activeProfiles = '{}', propertySourceLocations = '{}', propertySourceProperties = '{org.springframework.boot.test.context.SpringBootTestContextBootstrapper=true}', contextCustomizers = set[org.springframework.boot.test.context.filter.ExcludeFilterContextCustomizer@124c278f, org.springframework.boot.test.json.DuplicateJsonObjectContextCustomizerFactory$DuplicateJsonObjectContextCustomizer@6ce139a4, org.springframework.boot.test.mock.mockito.MockitoContextCustomizer@0, org.springframework.boot.test.web.client.TestRestTemplateContextCustomizer@6193932a, org.springframework.boot.test.autoconfigure.properties.PropertyMappingContextCustomizer@0, org.springframework.boot.test.autoconfigure.web.servlet.WebDriverContextCustomizerFactory$Customizer@5ccddd20], resourceBasePath = 'src/main/webapp', contextLoader = 'org.springframework.boot.test.context.SpringBootContextLoader', parent = [null]]]
25-04-2019 19:06:45.510 reqId=[] DEBUG 8570 --- [           main] org.springframework.test.context.cache   : Spring test ApplicationContext cache statistics: [DefaultContextCache@31d8352e size = 1, maxSize = 32, parentContextCount = 0, hitCount = 1, missCount = 1]
25-04-2019 19:06:45.530 reqId=[] DEBUG 8570 --- [           main] tractDirtiesContextTestExecutionListener : Before test method: context [DefaultTestContext@f0da945 testClass = WiseconnectPasswordGrantTypeTest, testInstance = com.wisilica.wiseconnect.WiseconnectPasswordGrantTypeTest@27244a88, testMethod = passwordGrantTesting@WiseconnectPasswordGrantTypeTest, testException = [null], mergedContextConfiguration = [WebMergedContextConfiguration@4803b726 testClass = WiseconnectPasswordGrantTypeTest, locations = '{}', classes = '{class com.wisilica.wiseconnect.WiseconnectApplication}', contextInitializerClasses = '[]', activeProfiles = '{}', propertySourceLocations = '{}', propertySourceProperties = '{org.springframework.boot.test.context.SpringBootTestContextBootstrapper=true}', contextCustomizers = set[org.springframework.boot.test.context.filter.ExcludeFilterContextCustomizer@124c278f, org.springframework.boot.test.json.DuplicateJsonObjectContextCustomizerFactory$DuplicateJsonObjectContextCustomizer@6ce139a4, org.springframework.boot.test.mock.mockito.MockitoContextCustomizer@0, org.springframework.boot.test.web.client.TestRestTemplateContextCustomizer@6193932a, org.springframework.boot.test.autoconfigure.properties.PropertyMappingContextCustomizer@0, org.springframework.boot.test.autoconfigure.web.servlet.WebDriverContextCustomizerFactory$Customizer@5ccddd20], resourceBasePath = 'src/main/webapp', contextLoader = 'org.springframework.boot.test.context.SpringBootContextLoader', parent = [null]], attributes = map['org.springframework.test.context.web.ServletTestExecutionListener.activateListener' -> true, 'org.springframework.test.context.web.ServletTestExecutionListener.populatedRequestContextHolder' -> true, 'org.springframework.test.context.web.ServletTestExecutionListener.resetRequestContextHolder' -> true]], class annotated with @DirtiesContext [false] with mode [null], method annotated with @DirtiesContext [false] with mode [null].
25-04-2019 19:06:45.534 reqId=[] DEBUG 8570 --- [           main] c.DefaultCacheAwareContextLoaderDelegate : Retrieved ApplicationContext from cache with key [[WebMergedContextConfiguration@4803b726 testClass = WiseconnectPasswordGrantTypeTest, locations = '{}', classes = '{class com.wisilica.wiseconnect.WiseconnectApplication}', contextInitializerClasses = '[]', activeProfiles = '{}', propertySourceLocations = '{}', propertySourceProperties = '{org.springframework.boot.test.context.SpringBootTestContextBootstrapper=true}', contextCustomizers = set[org.springframework.boot.test.context.filter.ExcludeFilterContextCustomizer@124c278f, org.springframework.boot.test.json.DuplicateJsonObjectContextCustomizerFactory$DuplicateJsonObjectContextCustomizer@6ce139a4, org.springframework.boot.test.mock.mockito.MockitoContextCustomizer@0, org.springframework.boot.test.web.client.TestRestTemplateContextCustomizer@6193932a, org.springframework.boot.test.autoconfigure.properties.PropertyMappingContextCustomizer@0, org.springframework.boot.test.autoconfigure.web.servlet.WebDriverContextCustomizerFactory$Customizer@5ccddd20], resourceBasePath = 'src/main/webapp', contextLoader = 'org.springframework.boot.test.context.SpringBootContextLoader', parent = [null]]]
25-04-2019 19:06:45.534 reqId=[] DEBUG 8570 --- [           main] org.springframework.test.context.cache   : Spring test ApplicationContext cache statistics: [DefaultContextCache@31d8352e size = 1, maxSize = 32, parentContextCount = 0, hitCount = 2, missCount = 1]
25-04-2019 19:06:48.701 reqId=[] DEBUG 8570 --- [           main] c.DefaultCacheAwareContextLoaderDelegate : Retrieved ApplicationContext from cache with key [[WebMergedContextConfiguration@4803b726 testClass = WiseconnectPasswordGrantTypeTest, locations = '{}', classes = '{class com.wisilica.wiseconnect.WiseconnectApplication}', contextInitializerClasses = '[]', activeProfiles = '{}', propertySourceLocations = '{}', propertySourceProperties = '{org.springframework.boot.test.context.SpringBootTestContextBootstrapper=true}', contextCustomizers = set[org.springframework.boot.test.context.filter.ExcludeFilterContextCustomizer@124c278f, org.springframework.boot.test.json.DuplicateJsonObjectContextCustomizerFactory$DuplicateJsonObjectContextCustomizer@6ce139a4, org.springframework.boot.test.mock.mockito.MockitoContextCustomizer@0, org.springframework.boot.test.web.client.TestRestTemplateContextCustomizer@6193932a, org.springframework.boot.test.autoconfigure.properties.PropertyMappingContextCustomizer@0, org.springframework.boot.test.autoconfigure.web.servlet.WebDriverContextCustomizerFactory$Customizer@5ccddd20], resourceBasePath = 'src/main/webapp', contextLoader = 'org.springframework.boot.test.context.SpringBootContextLoader', parent = [null]]]
25-04-2019 19:06:48.702 reqId=[] DEBUG 8570 --- [           main] org.springframework.test.context.cache   : Spring test ApplicationContext cache statistics: [DefaultContextCache@31d8352e size = 1, maxSize = 32, parentContextCount = 0, hitCount = 3, missCount = 1]
25-04-2019 19:06:48.702 reqId=[] DEBUG 8570 --- [           main] c.DefaultCacheAwareContextLoaderDelegate : Retrieved ApplicationContext from cache with key [[WebMergedContextConfiguration@4803b726 testClass = WiseconnectPasswordGrantTypeTest, locations = '{}', classes = '{class com.wisilica.wiseconnect.WiseconnectApplication}', contextInitializerClasses = '[]', activeProfiles = '{}', propertySourceLocations = '{}', propertySourceProperties = '{org.springframework.boot.test.context.SpringBootTestContextBootstrapper=true}', contextCustomizers = set[org.springframework.boot.test.context.filter.ExcludeFilterContextCustomizer@124c278f, org.springframework.boot.test.json.DuplicateJsonObjectContextCustomizerFactory$DuplicateJsonObjectContextCustomizer@6ce139a4, org.springframework.boot.test.mock.mockito.MockitoContextCustomizer@0, org.springframework.boot.test.web.client.TestRestTemplateContextCustomizer@6193932a, org.springframework.boot.test.autoconfigure.properties.PropertyMappingContextCustomizer@0, org.springframework.boot.test.autoconfigure.web.servlet.WebDriverContextCustomizerFactory$Customizer@5ccddd20], resourceBasePath = 'src/main/webapp', contextLoader = 'org.springframework.boot.test.context.SpringBootContextLoader', parent = [null]]]
25-04-2019 19:06:48.702 reqId=[] DEBUG 8570 --- [           main] org.springframework.test.context.cache   : Spring test ApplicationContext cache statistics: [DefaultContextCache@31d8352e size = 1, maxSize = 32, parentContextCount = 0, hitCount = 4, missCount = 1]
25-04-2019 19:06:48.704 reqId=[] DEBUG 8570 --- [           main] c.DefaultCacheAwareContextLoaderDelegate : Retrieved ApplicationContext from cache with key [[WebMergedContextConfiguration@4803b726 testClass = WiseconnectPasswordGrantTypeTest, locations = '{}', classes = '{class com.wisilica.wiseconnect.WiseconnectApplication}', contextInitializerClasses = '[]', activeProfiles = '{}', propertySourceLocations = '{}', propertySourceProperties = '{org.springframework.boot.test.context.SpringBootTestContextBootstrapper=true}', contextCustomizers = set[org.springframework.boot.test.context.filter.ExcludeFilterContextCustomizer@124c278f, org.springframework.boot.test.json.DuplicateJsonObjectContextCustomizerFactory$DuplicateJsonObjectContextCustomizer@6ce139a4, org.springframework.boot.test.mock.mockito.MockitoContextCustomizer@0, org.springframework.boot.test.web.client.TestRestTemplateContextCustomizer@6193932a, org.springframework.boot.test.autoconfigure.properties.PropertyMappingContextCustomizer@0, org.springframework.boot.test.autoconfigure.web.servlet.WebDriverContextCustomizerFactory$Customizer@5ccddd20], resourceBasePath = 'src/main/webapp', contextLoader = 'org.springframework.boot.test.context.SpringBootContextLoader', parent = [null]]]
25-04-2019 19:06:48.704 reqId=[] DEBUG 8570 --- [           main] org.springframework.test.context.cache   : Spring test ApplicationContext cache statistics: [DefaultContextCache@31d8352e size = 1, maxSize = 32, parentContextCount = 0, hitCount = 5, missCount = 1]
25-04-2019 19:06:48.709 reqId=[] DEBUG 8570 --- [           main] c.DefaultCacheAwareContextLoaderDelegate : Retrieved ApplicationContext from cache with key [[WebMergedContextConfiguration@4803b726 testClass = WiseconnectPasswordGrantTypeTest, locations = '{}', classes = '{class com.wisilica.wiseconnect.WiseconnectApplication}', contextInitializerClasses = '[]', activeProfiles = '{}', propertySourceLocations = '{}', propertySourceProperties = '{org.springframework.boot.test.context.SpringBootTestContextBootstrapper=true}', contextCustomizers = set[org.springframework.boot.test.context.filter.ExcludeFilterContextCustomizer@124c278f, org.springframework.boot.test.json.DuplicateJsonObjectContextCustomizerFactory$DuplicateJsonObjectContextCustomizer@6ce139a4, org.springframework.boot.test.mock.mockito.MockitoContextCustomizer@0, org.springframework.boot.test.web.client.TestRestTemplateContextCustomizer@6193932a, org.springframework.boot.test.autoconfigure.properties.PropertyMappingContextCustomizer@0, org.springframework.boot.test.autoconfigure.web.servlet.WebDriverContextCustomizerFactory$Customizer@5ccddd20], resourceBasePath = 'src/main/webapp', contextLoader = 'org.springframework.boot.test.context.SpringBootContextLoader', parent = [null]]]
25-04-2019 19:06:48.709 reqId=[] DEBUG 8570 --- [           main] org.springframework.test.context.cache   : Spring test ApplicationContext cache statistics: [DefaultContextCache@31d8352e size = 1, maxSize = 32, parentContextCount = 0, hitCount = 6, missCount = 1]
25-04-2019 19:06:48.711 reqId=[] DEBUG 8570 --- [           main] tractDirtiesContextTestExecutionListener : After test method: context [DefaultTestContext@f0da945 testClass = WiseconnectPasswordGrantTypeTest, testInstance = com.wisilica.wiseconnect.WiseconnectPasswordGrantTypeTest@27244a88, testMethod = passwordGrantTesting@WiseconnectPasswordGrantTypeTest, testException = java.net.ConnectException: Connection refused (Connection refused), mergedContextConfiguration = [WebMergedContextConfiguration@4803b726 testClass = WiseconnectPasswordGrantTypeTest, locations = '{}', classes = '{class com.wisilica.wiseconnect.WiseconnectApplication}', contextInitializerClasses = '[]', activeProfiles = '{}', propertySourceLocations = '{}', propertySourceProperties = '{org.springframework.boot.test.context.SpringBootTestContextBootstrapper=true}', contextCustomizers = set[org.springframework.boot.test.context.filter.ExcludeFilterContextCustomizer@124c278f, org.springframework.boot.test.json.DuplicateJsonObjectContextCustomizerFactory$DuplicateJsonObjectContextCustomizer@6ce139a4, org.springframework.boot.test.mock.mockito.MockitoContextCustomizer@0, org.springframework.boot.test.web.client.TestRestTemplateContextCustomizer@6193932a, org.springframework.boot.test.autoconfigure.properties.PropertyMappingContextCustomizer@0, org.springframework.boot.test.autoconfigure.web.servlet.WebDriverContextCustomizerFactory$Customizer@5ccddd20], resourceBasePath = 'src/main/webapp', contextLoader = 'org.springframework.boot.test.context.SpringBootContextLoader', parent = [null]], attributes = map['org.springframework.test.context.web.ServletTestExecutionListener.activateListener' -> true, 'org.springframework.test.context.web.ServletTestExecutionListener.populatedRequestContextHolder' -> true, 'org.springframework.test.context.web.ServletTestExecutionListener.resetRequestContextHolder' -> true]], class annotated with @DirtiesContext [false] with mode [null], method annotated with @DirtiesContext [false] with mode [null].
25-04-2019 19:06:48.711 reqId=[] DEBUG 8570 --- [           main] o.s.t.c.w.ServletTestExecutionListener   : Resetting RequestContextHolder for test context [DefaultTestContext@f0da945 testClass = WiseconnectPasswordGrantTypeTest, testInstance = com.wisilica.wiseconnect.WiseconnectPasswordGrantTypeTest@27244a88, testMethod = passwordGrantTesting@WiseconnectPasswordGrantTypeTest, testException = java.net.ConnectException: Connection refused (Connection refused), mergedContextConfiguration = [WebMergedContextConfiguration@4803b726 testClass = WiseconnectPasswordGrantTypeTest, locations = '{}', classes = '{class com.wisilica.wiseconnect.WiseconnectApplication}', contextInitializerClasses = '[]', activeProfiles = '{}', propertySourceLocations = '{}', propertySourceProperties = '{org.springframework.boot.test.context.SpringBootTestContextBootstrapper=true}', contextCustomizers = set[org.springframework.boot.test.context.filter.ExcludeFilterContextCustomizer@124c278f, org.springframework.boot.test.json.DuplicateJsonObjectContextCustomizerFactory$DuplicateJsonObjectContextCustomizer@6ce139a4, org.springframework.boot.test.mock.mockito.MockitoContextCustomizer@0, org.springframework.boot.test.web.client.TestRestTemplateContextCustomizer@6193932a, org.springframework.boot.test.autoconfigure.properties.PropertyMappingContextCustomizer@0, org.springframework.boot.test.autoconfigure.web.servlet.WebDriverContextCustomizerFactory$Customizer@5ccddd20], resourceBasePath = 'src/main/webapp', contextLoader = 'org.springframework.boot.test.context.SpringBootContextLoader', parent = [null]], attributes = map['org.springframework.test.context.web.ServletTestExecutionListener.activateListener' -> true, 'org.springframework.test.context.web.ServletTestExecutionListener.populatedRequestContextHolder' -> true, 'org.springframework.test.context.web.ServletTestExecutionListener.resetRequestContextHolder' -> true]].
]]></system-out>
  </testcase>
</testsuite>