<?xml version="1.0" encoding="UTF-8"?>
<testsuite xmlns:xsi="http://www.w3.org/2001/XMLSchema-instance" xsi:noNamespaceSchemaLocation="https://maven.apache.org/surefire/maven-surefire-plugin/xsd/surefire-test-report.xsd" name="com.wisilica.wiseconnect.WiseconnectApplicationTests" time="0.151" tests="1" errors="1" skipped="0" failures="0">
  <properties>
[...]
</properties>
  <testcase name="oauthFlowTesting" classname="com.wisilica.wiseconnect.WiseconnectApplicationTests" time="0.15">
    <error message="Connection refused (Connection refused)" type="java.net.ConnectException">java.net.ConnectException: Connection refused (Connection refused)
	at com.wisilica.wiseconnect.WiseconnectApplicationTests.authorizationCodeGrantFlow(WiseconnectApplicationTests.java:85)
	at com.wisilica.wiseconnect.WiseconnectApplicationTests.oauthFlowTesting(WiseconnectApplicationTests.java:52)
</error>
    <system-out><![CDATA[25-04-2019 19:06:48.722 reqId=[] DEBUG 8570 --- [           main] o.s.t.c.junit4.SpringJUnit4ClassRunner   : SpringJUnit4ClassRunner constructor called with [class com.wisilica.wiseconnect.WiseconnectApplicationTests]
25-04-2019 19:06:48.722 reqId=[] DEBUG 8570 --- [           main] o.s.test.context.BootstrapUtils          : Instantiating CacheAwareContextLoaderDelegate from class [org.springframework.test.context.cache.DefaultCacheAwareContextLoaderDelegate]
25-04-2019 19:06:48.722 reqId=[] DEBUG 8570 --- [           main] o.s.test.context.BootstrapUtils          : Instantiating BootstrapContext using constructor [public org.springframework.test.context.support.DefaultBootstrapContext(java.lang.Class,org.springframework.test.context.CacheAwareContextLoaderDelegate)]
25-04-2019 19:06:48.723 reqId=[] DEBUG 8570 --- [           main] o.s.test.context.BootstrapUtils          : Instantiating TestContextBootstrapper for test class [com.wisilica.wiseconnect.WiseconnectApplicationTests] from class [org.springframework.boot.test.context.SpringBootTestContextBootstrapper]
25-04-2019 19:06:48.723 reqId=[]  INFO 8570 --- [           main] .b.t.c.SpringBootTestContextBootstrapper : Neither @ContextConfiguration nor @ContextHierarchy found for test class [com.wisilica.wiseconnect.WiseconnectApplicationTests], using SpringBootContextLoader
25-04-2019 19:06:48.724 reqId=[] DEBUG 8570 --- [           main] o.s.t.c.support.AbstractContextLoader    : Did not detect default resource location for test class [com.wisilica.wiseconnect.WiseconnectApplicationTests]: class path resource [com/wisilica/wiseconnect/WiseconnectApplicationTests-context.xml] does not exist
25-04-2019 19:06:48.724 reqId=[] DEBUG 8570 --- [           main] o.s.t.c.support.AbstractContextLoader    : Did not detect default resource location for test class [com.wisilica.wiseconnect.WiseconnectApplicationTests]: class path resource [com/wisilica/wiseconnect/WiseconnectApplicationTestsContext.groovy] does not exist
25-04-2019 19:06:48.724 reqId=[]  INFO 8570 --- [           main] o.s.t.c.support.AbstractContextLoader    : Could not detect default resource locations for test class [com.wisilica.wiseconnect.WiseconnectApplicationTests]: no resource found for suffixes {-context.xml, Context.groovy}.
25-04-2019 19:06:48.725 reqId=[]  INFO 8570 --- [           main] t.c.s.AnnotationConfigContextLoaderUtils : Could not detect default configuration classes for test class [com.wisilica.wiseconnect.WiseconnectApplicationTests]: WiseconnectApplicationTests does not declare any static, non-private, non-final, nested classes annotated with @Configuration.
25-04-2019 19:06:48.726 reqId=[] DEBUG 8570 --- [           main] o.s.t.c.support.ActiveProfilesUtils      : Could not find an 'annotation declaring class' for annotation type [org.springframework.test.context.ActiveProfiles] and class [com.wisilica.wiseconnect.WiseconnectApplicationTests]
25-04-2019 19:06:48.727 reqId=[]  INFO 8570 --- [           main] .b.t.c.SpringBootTestContextBootstrapper : Found @SpringBootConfiguration com.wisilica.wiseconnect.WiseconnectApplication for test class com.wisilica.wiseconnect.WiseconnectApplicationTests
25-04-2019 19:06:48.729 reqId=[] DEBUG 8570 --- [           main] .b.t.c.SpringBootTestContextBootstrapper : @TestExecutionListeners is not present for class [com.wisilica.wiseconnect.WiseconnectApplicationTests]: using defaults.
25-04-2019 19:06:48.729 reqId=[]  INFO 8570 --- [           main] .b.t.c.SpringBootTestContextBootstrapper : Loaded default TestExecutionListener class names from location [META-INF/spring.factories]: [org.springframework.boot.test.mock.mockito.MockitoTestExecutionListener, org.springframework.boot.test.mock.mockito.ResetMocksTestExecutionListener, org.springframework.boot.test.autoconfigure.restdocs.RestDocsTestExecutionListener, org.springframework.boot.test.autoconfigure.web.client.MockRestServiceServerResetTestExecutionListener, org.springframework.boot.test.autoconfigure.web.servlet.MockMvcPrintOnlyOnFailureTestExecutionListener, org.springframework.boot.test.autoconfigure.web.servlet.WebDriverTestExecutionListener, org.springframework.test.context.web.ServletTestExecutionListener, org.springframework.test.context.support.DirtiesContextBeforeModesTestExecutionListener, org.springframework.test.context.support.DependencyInjectionTestExecutionListener, org.springframework.test.context.support.DirtiesContextTestExecutionListener, org.springframework.test.context.transaction.TransactionalTestExecutionListener, org.springframework.test.context.jdbc.SqlScriptsTestExecutionListener, org.springframework.security.test.context.support.WithSecurityContextTestExecutionListener, org.springframework.security.test.context.support.ReactorContextTestExecutionListener]
25-04-2019 19:06:48.730 reqId=[]  INFO 8570 --- [           main] .b.t.c.SpringBootTestContextBootstrapper : Using TestExecutionListeners: [org.springframework.test.context.web.ServletTestExecutionListener@2b8a11d7, org.springframework.test.context.support.DirtiesContextBeforeModesTestExecutionListener@1391d95f, org.springframework.boot.test.mock.mockito.MockitoTestExecutionListener@416bff93, org.springframework.boot.test.autoconfigure.SpringBootDependencyInjectionTestExecutionListener@5ef03158, org.springframework.test.context.support.DirtiesContextTestExecutionListener@258f97f8, org.springframework.test.context.transaction.TransactionalTestExecutionListener@38c9e937, org.springframework.test.context.jdbc.SqlScriptsTestExecutionListener@26401eda, org.springframework.security.test.context.support.WithSecurityContextTestExecutionListener@79e591bb, org.springframework.security.test.context.support.ReactorContextTestExecutionListener@208ce928, org.springframework.boot.test.mock.mockito.ResetMocksTestExecutionListener@577b2c5f, org.springframework.boot.test.autoconfigure.restdocs.RestDocsTestExecutionListener@71eb4ea4, org.springframework.boot.test.autoconfigure.web.client.MockRestServiceServerResetTestExecutionListener@2456716b, org.springframework.boot.test.autoconfigure.web.servlet.MockMvcPrintOnlyOnFailureTestExecutionListener@63541960, org.springframework.boot.test.autoconfigure.web.servlet.WebDriverTestExecutionListener@6d43c881]
25-04-2019 19:06:48.731 reqId=[] DEBUG 8570 --- [           main] o.s.test.annotation.ProfileValueUtils    : Retrieved @ProfileValueSourceConfiguration [null] for test class [com.wisilica.wiseconnect.WiseconnectApplicationTests]
25-04-2019 19:06:48.731 reqId=[] DEBUG 8570 --- [           main] o.s.test.annotation.ProfileValueUtils    : Retrieved ProfileValueSource type [class org.springframework.test.annotation.SystemProfileValueSource] for class [com.wisilica.wiseconnect.WiseconnectApplicationTests]
25-04-2019 19:06:48.731 reqId=[] DEBUG 8570 --- [           main] o.s.test.annotation.ProfileValueUtils    : Retrieved @ProfileValueSourceConfiguration [null] for test class [com.wisilica.wiseconnect.WiseconnectApplicationTests]
25-04-2019 19:06:48.731 reqId=[] DEBUG 8570 --- [           main] o.s.test.annotation.ProfileValueUtils    : Retrieved ProfileValueSource type [class org.springframework.test.annotation.SystemProfileValueSource] for class [com.wisilica.wiseconnect.WiseconnectApplicationTests]
25-04-2019 19:06:48.731 reqId=[] DEBUG 8570 --- [           main] o.s.test.annotation.ProfileValueUtils    : Retrieved @ProfileValueSourceConfiguration [null] for test class [com.wisilica.wiseconnect.WiseconnectApplicationTests]
25-04-2019 19:06:48.731 reqId=[] DEBUG 8570 --- [           main] o.s.test.annotation.ProfileValueUtils    : Retrieved ProfileValueSource type [class org.springframework.test.annotation.SystemProfileValueSource] for class [com.wisilica.wiseconnect.WiseconnectApplicationTests]
25-04-2019 19:06:48.731 reqId=[] DEBUG 8570 --- [           main] tractDirtiesContextTestExecutionListener : Before test class: context [DefaultTestContext@467625e3 testClass = WiseconnectApplicationTests, testInstance = [null], testMethod = [null], testException = [null], mergedContextConfiguration = [WebMergedContextConfiguration@513cd96f testClass = WiseconnectApplicationTests, locations = '{}', classes = '{class com.wisilica.wiseconnect.WiseconnectApplication}', contextInitializerClasses = '[]', activeProfiles = '{}', propertySourceLocations = '{}', propertySourceProperties = '{org.springframework.boot.test.context.SpringBootTestContextBootstrapper=true}', contextCustomizers = set[org.springframework.boot.test.context.filter.ExcludeFilterContextCustomizer@124c278f, org.springframework.boot.test.json.DuplicateJsonObjectContextCustomizerFactory$DuplicateJsonObjectContextCustomizer@6ce139a4, org.springframework.boot.test.mock.mockito.MockitoContextCustomizer@0, org.springframework.boot.test.web.client.TestRestTemplateContextCustomizer@6193932a, org.springframework.boot.test.autoconfigure.properties.PropertyMappingContextCustomizer@0, org.springframework.boot.test.autoconfigure.web.servlet.WebDriverContextCustomizerFactory$Customizer@5ccddd20], resourceBasePath = 'src/main/webapp', contextLoader = 'org.springframework.boot.test.context.SpringBootContextLoader', parent = [null]], attributes = map['org.springframework.test.context.web.ServletTestExecutionListener.activateListener' -> true]], class annotated with @DirtiesContext [false] with mode [null].
25-04-2019 19:06:48.732 reqId=[] DEBUG 8570 --- [           main] o.s.test.annotation.ProfileValueUtils    : Retrieved @ProfileValueSourceConfiguration [null] for test class [com.wisilica.wiseconnect.WiseconnectApplicationTests]
25-04-2019 19:06:48.732 reqId=[] DEBUG 8570 --- [           main] o.s.test.annotation.ProfileValueUtils    : Retrieved ProfileValueSource type [class org.springframework.test.annotation.SystemProfileValueSource] for class [com.wisilica.wiseconnect.WiseconnectApplicationTests]
25-04-2019 19:06:48.732 reqId=[] DEBUG 8570 --- [           main] c.DefaultCacheAwareContextLoaderDelegate : Retrieved ApplicationContext from cache with key [[WebMergedContextConfiguration@513cd96f testClass = WiseconnectApplicationTests, locations = '{}', classes = '{class com.wisilica.wiseconnect.WiseconnectApplication}', contextInitializerClasses = '[]', activeProfiles = '{}', propertySourceLocations = '{}', propertySourceProperties = '{org.springframework.boot.test.context.SpringBootTestContextBootstrapper=true}', contextCustomizers = set[org.springframework.boot.test.context.filter.ExcludeFilterContextCustomizer@124c278f, org.springframework.boot.test.json.DuplicateJsonObjectContextCustomizerFactory$DuplicateJsonObjectContextCustomizer@6ce139a4, org.springframework.boot.test.mock.mockito.MockitoContextCustomizer@0, org.springframework.boot.test.web.client.TestRestTemplateContextCustomizer@6193932a, org.springframework.boot.test.autoconfigure.properties.PropertyMappingContextCustomizer@0, org.springframework.boot.test.autoconfigure.web.servlet.WebDriverContextCustomizerFactory$Customizer@5ccddd20], resourceBasePath = 'src/main/webapp', contextLoader = 'org.springframework.boot.test.context.SpringBootContextLoader', parent = [null]]]
25-04-2019 19:06:48.733 reqId=[] DEBUG 8570 --- [           main] org.springframework.test.context.cache   : Spring test ApplicationContext cache statistics: [DefaultContextCache@31d8352e size = 1, maxSize = 32, parentContextCount = 0, hitCount = 7, missCount = 1]
25-04-2019 19:06:48.733 reqId=[] DEBUG 8570 --- [           main] o.s.t.c.w.ServletTestExecutionListener   : Setting up MockHttpServletRequest, MockHttpServletResponse, ServletWebRequest, and RequestContextHolder for test context [DefaultTestContext@467625e3 testClass = WiseconnectApplicationTests, testInstance = com.wisilica.wiseconnect.WiseconnectApplicationTests@12e04531, testMethod = [null], testException = [null], mergedContextConfiguration = [WebMergedContextConfiguration@513cd96f testClass = WiseconnectApplicationTests, locations = '{}', classes = '{class com.wisilica.wiseconnect.WiseconnectApplication}', contextInitializerClasses = '[]', activeProfiles = '{}', propertySourceLocations = '{}', propertySourceProperties = '{org.springframework.boot.test.context.SpringBootTestContextBootstrapper=true}', contextCustomizers = set[org.springframework.boot.test.context.filter.ExcludeFilterContextCustomizer@124c278f, org.springframework.boot.test.json.DuplicateJsonObjectContextCustomizerFactory$DuplicateJsonObjectContextCustomizer@6ce139a4, org.springframework.boot.test.mock.mockito.MockitoContextCustomizer@0, org.springframework.boot.test.web.client.TestRestTemplateContextCustomizer@6193932a, org.springframework.boot.test.autoconfigure.properties.PropertyMappingContextCustomizer@0, org.springframework.boot.test.autoconfigure.web.servlet.WebDriverContextCustomizerFactory$Customizer@5ccddd20], resourceBasePath = 'src/main/webapp', contextLoader = 'org.springframework.boot.test.context.SpringBootContextLoader', parent = [null]], attributes = map['org.springframework.test.context.web.ServletTestExecutionListener.activateListener' -> true]].
25-04-2019 19:06:48.733 reqId=[] DEBUG 8570 --- [           main] DependencyInjectionTestExecutionListener : Performing dependency injection for test context [[DefaultTestContext@467625e3 testClass = WiseconnectApplicationTests, testInstance = com.wisilica.wiseconnect.WiseconnectApplicationTests@12e04531, testMethod = [null], testException = [null], mergedContextConfiguration = [WebMergedContextConfiguration@513cd96f testClass = WiseconnectApplicationTests, locations = '{}', classes = '{class com.wisilica.wiseconnect.WiseconnectApplication}', contextInitializerClasses = '[]', activeProfiles = '{}', propertySourceLocations = '{}', propertySourceProperties = '{org.springframework.boot.test.context.SpringBootTestContextBootstrapper=true}', contextCustomizers = set[org.springframework.boot.test.context.filter.ExcludeFilterContextCustomizer@124c278f, org.springframework.boot.test.json.DuplicateJsonObjectContextCustomizerFactory$DuplicateJsonObjectContextCustomizer@6ce139a4, org.springframework.boot.test.mock.mockito.MockitoContextCustomizer@0, org.springframework.boot.test.web.client.TestRestTemplateContextCustomizer@6193932a, org.springframework.boot.test.autoconfigure.properties.PropertyMappingContextCustomizer@0, org.springframework.boot.test.autoconfigure.web.servlet.WebDriverContextCustomizerFactory$Customizer@5ccddd20], resourceBasePath = 'src/main/webapp', contextLoader = 'org.springframework.boot.test.context.SpringBootContextLoader', parent = [null]], attributes = map['org.springframework.test.context.web.ServletTestExecutionListener.activateListener' -> true, 'org.springframework.test.context.web.ServletTestExecutionListener.populatedRequestContextHolder' -> true, 'org.springframework.test.context.web.ServletTestExecutionListener.resetRequestContextHolder' -> true]]].
25-04-2019 19:06:48.734 reqId=[] DEBUG 8570 --- [           main] c.DefaultCacheAwareContextLoaderDelegate : Retrieved ApplicationContext from cache with key [[WebMergedContextConfiguration@513cd96f testClass = WiseconnectApplicationTests, locations = '{}', classes = '{class com.wisilica.wiseconnect.WiseconnectApplication}', contextInitializerClasses = '[]', activeProfiles = '{}', propertySourceLocations = '{}', propertySourceProperties = '{org.springframework.boot.test.context.SpringBootTestContextBootstrapper=true}', contextCustomizers = set[org.springframework.boot.test.context.filter.ExcludeFilterContextCustomizer@124c278f, org.springframework.boot.test.json.DuplicateJsonObjectContextCustomizerFactory$DuplicateJsonObjectContextCustomizer@6ce139a4, org.springframework.boot.test.mock.mockito.MockitoContextCustomizer@0, org.springframework.boot.test.web.client.TestRestTemplateContextCustomizer@6193932a, org.springframework.boot.test.autoconfigure.properties.PropertyMappingContextCustomizer@0, org.springframework.boot.test.autoconfigure.web.servlet.WebDriverContextCustomizerFactory$Customizer@5ccddd20], resourceBasePath = 'src/main/webapp', contextLoader = 'org.springframework.boot.test.context.SpringBootContextLoader', parent = [null]]]
25-04-2019 19:06:48.734 reqId=[] DEBUG 8570 --- [           main] org.springframework.test.context.cache   : Spring test ApplicationContext cache statistics: [DefaultContextCache@31d8352e size = 1, maxSize = 32, parentContextCount = 0, hitCount = 8, missCount = 1]
25-04-2019 19:06:48.740 reqId=[] DEBUG 8570 --- [           main] tractDirtiesContextTestExecutionListener : Before test method: context [DefaultTestContext@467625e3 testClass = WiseconnectApplicationTests, testInstance = com.wisilica.wiseconnect.WiseconnectApplicationTests@12e04531, testMethod = oauthFlowTesting@WiseconnectApplicationTests, testException = [null], mergedContextConfiguration = [WebMergedContextConfiguration@513cd96f testClass = WiseconnectApplicationTests, locations = '{}', classes = '{class com.wisilica.wiseconnect.WiseconnectApplication}', contextInitializerClasses = '[]', activeProfiles = '{}', propertySourceLocations = '{}', propertySourceProperties = '{org.springframework.boot.test.context.SpringBootTestContextBootstrapper=true}', contextCustomizers = set[org.springframework.boot.test.context.filter.ExcludeFilterContextCustomizer@124c278f, org.springframework.boot.test.json.DuplicateJsonObjectContextCustomizerFactory$DuplicateJsonObjectContextCustomizer@6ce139a4, org.springframework.boot.test.mock.mockito.MockitoContextCustomizer@0, org.springframework.boot.test.web.client.TestRestTemplateContextCustomizer@6193932a, org.springframework.boot.test.autoconfigure.properties.PropertyMappingContextCustomizer@0, org.springframework.boot.test.autoconfigure.web.servlet.WebDriverContextCustomizerFactory$Customizer@5ccddd20], resourceBasePath = 'src/main/webapp', contextLoader = 'org.springframework.boot.test.context.SpringBootContextLoader', parent = [null]], attributes = map['org.springframework.test.context.web.ServletTestExecutionListener.activateListener' -> true, 'org.springframework.test.context.web.ServletTestExecutionListener.populatedRequestContextHolder' -> true, 'org.springframework.test.context.web.ServletTestExecutionListener.resetRequestContextHolder' -> true]], class annotated with @DirtiesContext [false] with mode [null], method annotated with @DirtiesContext [false] with mode [null].
25-04-2019 19:06:48.741 reqId=[] DEBUG 8570 --- [           main] c.DefaultCacheAwareContextLoaderDelegate : Retrieved ApplicationContext from cache with key [[WebMergedContextConfiguration@513cd96f testClass = WiseconnectApplicationTests, locations = '{}', classes = '{class com.wisilica.wiseconnect.WiseconnectApplication}', contextInitializerClasses = '[]', activeProfiles = '{}', propertySourceLocations = '{}', propertySourceProperties = '{org.springframework.boot.test.context.SpringBootTestContextBootstrapper=true}', contextCustomizers = set[org.springframework.boot.test.context.filter.ExcludeFilterContextCustomizer@124c278f, org.springframework.boot.test.json.DuplicateJsonObjectContextCustomizerFactory$DuplicateJsonObjectContextCustomizer@6ce139a4, org.springframework.boot.test.mock.mockito.MockitoContextCustomizer@0, org.springframework.boot.test.web.client.TestRestTemplateContextCustomizer@6193932a, org.springframework.boot.test.autoconfigure.properties.PropertyMappingContextCustomizer@0, org.springframework.boot.test.autoconfigure.web.servlet.WebDriverContextCustomizerFactory$Customizer@5ccddd20], resourceBasePath = 'src/main/webapp', contextLoader = 'org.springframework.boot.test.context.SpringBootContextLoader', parent = [null]]]
25-04-2019 19:06:48.741 reqId=[] DEBUG 8570 --- [           main] org.springframework.test.context.cache   : Spring test ApplicationContext cache statistics: [DefaultContextCache@31d8352e size = 1, maxSize = 32, parentContextCount = 0, hitCount = 9, missCount = 1]
25-04-2019 19:06:48.941 reqId=[] DEBUG 8570 --- [           main] c.DefaultCacheAwareContextLoaderDelegate : Retrieved ApplicationContext from cache with key [[WebMergedContextConfiguration@513cd96f testClass = WiseconnectApplicationTests, locations = '{}', classes = '{class com.wisilica.wiseconnect.WiseconnectApplication}', contextInitializerClasses = '[]', activeProfiles = '{}', propertySourceLocations = '{}', propertySourceProperties = '{org.springframework.boot.test.context.SpringBootTestContextBootstrapper=true}', contextCustomizers = set[org.springframework.boot.test.context.filter.ExcludeFilterContextCustomizer@124c278f, org.springframework.boot.test.json.DuplicateJsonObjectContextCustomizerFactory$DuplicateJsonObjectContextCustomizer@6ce139a4, org.springframework.boot.test.mock.mockito.MockitoContextCustomizer@0, org.springframework.boot.test.web.client.TestRestTemplateContextCustomizer@6193932a, org.springframework.boot.test.autoconfigure.properties.PropertyMappingContextCustomizer@0, org.springframework.boot.test.autoconfigure.web.servlet.WebDriverContextCustomizerFactory$Customizer@5ccddd20], resourceBasePath = 'src/main/webapp', contextLoader = 'org.springframework.boot.test.context.SpringBootContextLoader', parent = [null]]]
25-04-2019 19:06:48.941 reqId=[] DEBUG 8570 --- [           main] org.springframework.test.context.cache   : Spring test ApplicationContext cache statistics: [DefaultContextCache@31d8352e size = 1, maxSize = 32, parentContextCount = 0, hitCount = 10, missCount = 1]
25-04-2019 19:06:48.941 reqId=[] DEBUG 8570 --- [           main] c.DefaultCacheAwareContextLoaderDelegate : Retrieved ApplicationContext from cache with key [[WebMergedContextConfiguration@513cd96f testClass = WiseconnectApplicationTests, locations = '{}', classes = '{class com.wisilica.wiseconnect.WiseconnectApplication}', contextInitializerClasses = '[]', activeProfiles = '{}', propertySourceLocations = '{}', propertySourceProperties = '{org.springframework.boot.test.context.SpringBootTestContextBootstrapper=true}', contextCustomizers = set[org.springframework.boot.test.context.filter.ExcludeFilterContextCustomizer@124c278f, org.springframework.boot.test.json.DuplicateJsonObjectContextCustomizerFactory$DuplicateJsonObjectContextCustomizer@6ce139a4, org.springframework.boot.test.mock.mockito.MockitoContextCustomizer@0, org.springframework.boot.test.web.client.TestRestTemplateContextCustomizer@6193932a, org.springframework.boot.test.autoconfigure.properties.PropertyMappingContextCustomizer@0, org.springframework.boot.test.autoconfigure.web.servlet.WebDriverContextCustomizerFactory$Customizer@5ccddd20], resourceBasePath = 'src/main/webapp', contextLoader = 'org.springframework.boot.test.context.SpringBootContextLoader', parent = [null]]]
25-04-2019 19:06:48.941 reqId=[] DEBUG 8570 --- [           main] org.springframework.test.context.cache   : Spring test ApplicationContext cache statistics: [DefaultContextCache@31d8352e size = 1, maxSize = 32, parentContextCount = 0, hitCount = 11, missCount = 1]
25-04-2019 19:06:48.942 reqId=[] DEBUG 8570 --- [           main] c.DefaultCacheAwareContextLoaderDelegate : Retrieved ApplicationContext from cache with key [[WebMergedContextConfiguration@513cd96f testClass = WiseconnectApplicationTests, locations = '{}', classes = '{class com.wisilica.wiseconnect.WiseconnectApplication}', contextInitializerClasses = '[]', activeProfiles = '{}', propertySourceLocations = '{}', propertySourceProperties = '{org.springframework.boot.test.context.SpringBootTestContextBootstrapper=true}', contextCustomizers = set[org.springframework.boot.test.context.filter.ExcludeFilterContextCustomizer@124c278f, org.springframework.boot.test.json.DuplicateJsonObjectContextCustomizerFactory$DuplicateJsonObjectContextCustomizer@6ce139a4, org.springframework.boot.test.mock.mockito.MockitoContextCustomizer@0, org.springframework.boot.test.web.client.TestRestTemplateContextCustomizer@6193932a, org.springframework.boot.test.autoconfigure.properties.PropertyMappingContextCustomizer@0, org.springframework.boot.test.autoconfigure.web.servlet.WebDriverContextCustomizerFactory$Customizer@5ccddd20], resourceBasePath = 'src/main/webapp', contextLoader = 'org.springframework.boot.test.context.SpringBootContextLoader', parent = [null]]]
25-04-2019 19:06:48.942 reqId=[] DEBUG 8570 --- [           main] org.springframework.test.context.cache   : Spring test ApplicationContext cache statistics: [DefaultContextCache@31d8352e size = 1, maxSize = 32, parentContextCount = 0, hitCount = 12, missCount = 1]
25-04-2019 19:06:48.964 reqId=[] DEBUG 8570 --- [           main] c.DefaultCacheAwareContextLoaderDelegate : Retrieved ApplicationContext from cache with key [[WebMergedContextConfiguration@513cd96f testClass = WiseconnectApplicationTests, locations = '{}', classes = '{class com.wisilica.wiseconnect.WiseconnectApplication}', contextInitializerClasses = '[]', activeProfiles = '{}', propertySourceLocations = '{}', propertySourceProperties = '{org.springframework.boot.test.context.SpringBootTestContextBootstrapper=true}', contextCustomizers = set[org.springframework.boot.test.context.filter.ExcludeFilterContextCustomizer@124c278f, org.springframework.boot.test.json.DuplicateJsonObjectContextCustomizerFactory$DuplicateJsonObjectContextCustomizer@6ce139a4, org.springframework.boot.test.mock.mockito.MockitoContextCustomizer@0, org.springframework.boot.test.web.client.TestRestTemplateContextCustomizer@6193932a, org.springframework.boot.test.autoconfigure.properties.PropertyMappingContextCustomizer@0, org.springframework.boot.test.autoconfigure.web.servlet.WebDriverContextCustomizerFactory$Customizer@5ccddd20], resourceBasePath = 'src/main/webapp', contextLoader = 'org.springframework.boot.test.context.SpringBootContextLoader', parent = [null]]]
25-04-2019 19:06:48.964 reqId=[] DEBUG 8570 --- [           main] org.springframework.test.context.cache   : Spring test ApplicationContext cache statistics: [DefaultContextCache@31d8352e size = 1, maxSize = 32, parentContextCount = 0, hitCount = 13, missCount = 1]
25-04-2019 19:06:48.965 reqId=[] DEBUG 8570 --- [           main] tractDirtiesContextTestExecutionListener : After test method: context [DefaultTestContext@467625e3 testClass = WiseconnectApplicationTests, testInstance = com.wisilica.wiseconnect.WiseconnectApplicationTests@12e04531, testMethod = oauthFlowTesting@WiseconnectApplicationTests, testException = java.net.ConnectException: Connection refused (Connection refused), mergedContextConfiguration = [WebMergedContextConfiguration@513cd96f testClass = WiseconnectApplicationTests, locations = '{}', classes = '{class com.wisilica.wiseconnect.WiseconnectApplication}', contextInitializerClasses = '[]', activeProfiles = '{}', propertySourceLocations = '{}', propertySourceProperties = '{org.springframework.boot.test.context.SpringBootTestContextBootstrapper=true}', contextCustomizers = set[org.springframework.boot.test.context.filter.ExcludeFilterContextCustomizer@124c278f, org.springframework.boot.test.json.DuplicateJsonObjectContextCustomizerFactory$DuplicateJsonObjectContextCustomizer@6ce139a4, org.springframework.boot.test.mock.mockito.MockitoContextCustomizer@0, org.springframework.boot.test.web.client.TestRestTemplateContextCustomizer@6193932a, org.springframework.boot.test.autoconfigure.properties.PropertyMappingContextCustomizer@0, org.springframework.boot.test.autoconfigure.web.servlet.WebDriverContextCustomizerFactory$Customizer@5ccddd20], resourceBasePath = 'src/main/webapp', contextLoader = 'org.springframework.boot.test.context.SpringBootContextLoader', parent = [null]], attributes = map['org.springframework.test.context.web.ServletTestExecutionListener.activateListener' -> true, 'org.springframework.test.context.web.ServletTestExecutionListener.populatedRequestContextHolder' -> true, 'org.springframework.test.context.web.ServletTestExecutionListener.resetRequestContextHolder' -> true]], class annotated with @DirtiesContext [false] with mode [null], method annotated with @DirtiesContext [false] with mode [null].
25-04-2019 19:06:48.965 reqId=[] DEBUG 8570 --- [           main] o.s.t.c.w.ServletTestExecutionListener   : Resetting RequestContextHolder for test context [DefaultTestContext@467625e3 testClass = WiseconnectApplicationTests, testInstance = com.wisilica.wiseconnect.WiseconnectApplicationTests@12e04531, testMethod = oauthFlowTesting@WiseconnectApplicationTests, testException = java.net.ConnectException: Connection refused (Connection refused), mergedContextConfiguration = [WebMergedContextConfiguration@513cd96f testClass = WiseconnectApplicationTests, locations = '{}', classes = '{class com.wisilica.wiseconnect.WiseconnectApplication}', contextInitializerClasses = '[]', activeProfiles = '{}', propertySourceLocations = '{}', propertySourceProperties = '{org.springframework.boot.test.context.SpringBootTestContextBootstrapper=true}', contextCustomizers = set[org.springframework.boot.test.context.filter.ExcludeFilterContextCustomizer@124c278f, org.springframework.boot.test.json.DuplicateJsonObjectContextCustomizerFactory$DuplicateJsonObjectContextCustomizer@6ce139a4, org.springframework.boot.test.mock.mockito.MockitoContextCustomizer@0, org.springframework.boot.test.web.client.TestRestTemplateContextCustomizer@6193932a, org.springframework.boot.test.autoconfigure.properties.PropertyMappingContextCustomizer@0, org.springframework.boot.test.autoconfigure.web.servlet.WebDriverContextCustomizerFactory$Customizer@5ccddd20], resourceBasePath = 'src/main/webapp', contextLoader = 'org.springframework.boot.test.context.SpringBootContextLoader', parent = [null]], attributes = map['org.springframework.test.context.web.ServletTestExecutionListener.activateListener' -> true, 'org.springframework.test.context.web.ServletTestExecutionListener.populatedRequestContextHolder' -> true, 'org.springframework.test.context.web.ServletTestExecutionListener.resetRequestContextHolder' -> true]].
]]></system-out>
  </testcase>
</testsuite>